2025-05-28 09:27:26.614 - INFO: DEBUG: act = handleGetJenisLaporan
2025-05-28 09:27:26.617 - INFO: DEBUG: act = null
2025-05-28 09:27:26.614 - INFO: DEBUG: act = handleGetsumberdata
2025-05-28 09:27:26.635 - INFO: vkd_sumberdata: 
2025-05-28 09:27:26.636 - INFO: vtahun: 2025
2025-05-28 09:37:37.950 - INFO: DEBUG: act = handleGetJenisLaporan
2025-05-28 09:37:37.950 - INFO: DEBUG: act = handleGetsumberdata
2025-05-28 09:37:37.975 - INFO: DEBUG: act = null
2025-05-28 09:37:37.976 - INFO: vkd_sumberdata: 
2025-05-28 09:37:37.976 - INFO: vtahun: 2025
2025-05-28 09:40:58.338 - INFO: DEBUG: act = handleGetJenisLaporan
2025-05-28 09:40:58.339 - INFO: DEBUG: act = handleGetsumberdata
2025-05-28 09:40:58.361 - INFO: DEBUG: act = null
2025-05-28 09:40:58.363 - INFO: vkd_sumberdata: 
2025-05-28 09:40:58.364 - INFO: vtahun: 2025
2025-05-28 09:50:10.569 - INFO: DEBUG: act = handleGetJenisLaporan
2025-05-28 09:50:10.571 - INFO: DEBUG: act = null
2025-05-28 09:50:10.569 - INFO: DEBUG: act = handleGetsumberdata
2025-05-28 09:50:10.574 - INFO: vkd_sumberdata: 
2025-05-28 09:50:10.576 - INFO: vtahun: 2025
2025-05-28 09:51:37.887 - INFO: DEBUG: act = handleGetJenisLaporan
2025-05-28 09:51:37.887 - INFO: DEBUG: act = handleGetsumberdata
2025-05-28 09:51:37.909 - INFO: DEBUG: act = null
2025-05-28 09:51:37.910 - INFO: vkd_sumberdata: 
2025-05-28 09:51:37.911 - INFO: vtahun: 2025
2025-05-28 10:03:58.027 - INFO: DEBUG: act = handleGetJenisLaporan
2025-05-28 10:03:58.028 - INFO: DEBUG: act = handleGetsumberdata
2025-05-28 10:03:58.065 - INFO: DEBUG: act = null
2025-05-28 10:03:58.065 - INFO: vkd_sumberdata: 
2025-05-28 10:03:58.066 - INFO: vtahun: 2025
2025-05-28 10:08:17.936 - INFO: DEBUG: act = handleGetsumberdata
2025-05-28 10:08:17.936 - INFO: DEBUG: act = handleGetJenisLaporan
2025-05-28 10:08:17.947 - INFO: DEBUG: act = null
2025-05-28 10:08:17.947 - INFO: vkd_sumberdata: 
2025-05-28 10:08:17.947 - INFO: vtahun: 2025
2025-05-28 10:36:56.248 - INFO: DEBUG: act = handleGetJenisLaporan
2025-05-28 10:36:56.251 - INFO: DEBUG: act = handleGetsumberdata
2025-05-28 10:36:56.332 - INFO: DEBUG: act = null
2025-05-28 10:36:56.332 - INFO: vkd_sumberdata: 
2025-05-28 10:36:56.333 - INFO: vtahun: 2025
2025-05-28 10:37:09.364 - INFO: DEBUG: act = null
2025-05-28 10:37:09.364 - INFO: vkd_sumberdata: SEMUA
2025-05-28 10:37:09.364 - INFO: vtahun: 2025
2025-05-28 10:37:14.062 - INFO: DEBUG: act = null
2025-05-28 10:37:14.062 - INFO: vkd_sumberdata: DAPIL
2025-05-28 10:37:14.062 - INFO: vtahun: 2025
2025-05-28 10:37:15.017 - INFO: DEBUG: act = null
2025-05-28 10:37:15.017 - INFO: vkd_sumberdata: DAPIL
2025-05-28 10:37:15.018 - INFO: vtahun: 2025
2025-05-28 10:37:17.792 - INFO: DEBUG: act = null
2025-05-28 10:37:17.793 - INFO: vkd_sumberdata: PEMDA
2025-05-28 10:37:17.793 - INFO: vtahun: 2025
2025-05-28 10:37:21.246 - INFO: DEBUG: act = null
2025-05-28 10:37:21.247 - INFO: vkd_sumberdata: SEMUA
2025-05-28 10:37:21.247 - INFO: vtahun: 2025
2025-05-28 10:37:35.857 - INFO: DEBUG: act = handleGetJenisLaporan
2025-05-28 10:37:35.857 - INFO: DEBUG: act = handleGetsumberdata
2025-05-28 10:37:35.879 - INFO: DEBUG: act = null
2025-05-28 10:37:35.879 - INFO: vkd_sumberdata: 
2025-05-28 10:37:35.879 - INFO: vtahun: 2025
2025-05-28 10:38:12.819 - INFO: DEBUG: act = handleGetJenisLaporan
2025-05-28 10:38:12.820 - INFO: DEBUG: act = handleGetsumberdata
2025-05-28 10:38:12.827 - INFO: DEBUG: act = null
2025-05-28 10:38:12.827 - INFO: vkd_sumberdata: 
2025-05-28 10:38:12.828 - INFO: vtahun: 2025
2025-05-28 10:55:03.871 - INFO: DEBUG: act = handleGetsumberdata
2025-05-28 10:55:03.873 - INFO: DEBUG: act = null
2025-05-28 10:55:03.871 - INFO: DEBUG: act = handleGetJenisLaporan
2025-05-28 10:55:03.880 - INFO: vkd_sumberdata: 
2025-05-28 10:55:03.880 - INFO: vtahun: 2025
2025-05-28 10:57:53.143 - INFO: DEBUG: act = handleGetsumberdata
2025-05-28 10:57:53.143 - INFO: DEBUG: act = handleGetJenisLaporan
2025-05-28 10:57:53.157 - INFO: DEBUG: act = null
2025-05-28 10:57:53.158 - INFO: vkd_sumberdata: 
2025-05-28 10:57:53.158 - INFO: vtahun: 2025
2025-05-28 11:00:01.570 - INFO: DEBUG: act = handleGetJenisLaporan
2025-05-28 11:00:01.571 - INFO: DEBUG: act = null
2025-05-28 11:00:01.570 - INFO: DEBUG: act = handleGetsumberdata
2025-05-28 11:00:01.583 - INFO: vkd_sumberdata: 
2025-05-28 11:00:01.583 - INFO: vtahun: 2025
2025-05-28 11:20:41.822 - INFO: DEBUG: act = null
2025-05-28 11:20:41.823 - INFO: vkd_sumberdata: SEMUA
2025-05-28 11:20:41.823 - INFO: vtahun: 2025
2025-05-28 11:20:43.368 - INFO: DEBUG: act = null
2025-05-28 11:20:43.368 - INFO: vkd_sumberdata: SEMUA
2025-05-28 11:20:43.370 - INFO: vtahun: 2025
2025-05-28 11:20:46.672 - INFO: DEBUG: act = null
2025-05-28 11:20:46.672 - INFO: vkd_sumberdata: SEMUA
2025-05-28 11:20:46.673 - INFO: vtahun: 2025
2025-05-28 11:24:09.247 - INFO: DEBUG: act = handleGetJenisLaporan
2025-05-28 11:24:09.248 - INFO: DEBUG: act = handleGetsumberdata
2025-05-28 11:24:09.273 - INFO: DEBUG: act = null
2025-05-28 11:24:09.274 - INFO: vkd_sumberdata: 
2025-05-28 11:24:09.275 - INFO: vtahun: 2025
2025-05-28 11:25:19.867 - INFO: DEBUG: act = handleGetsumberdata
2025-05-28 11:25:19.867 - INFO: DEBUG: act = handleGetJenisLaporan
2025-05-28 11:25:19.898 - INFO: DEBUG: act = null
2025-05-28 11:25:19.899 - INFO: vkd_sumberdata: 
2025-05-28 11:25:19.899 - INFO: vtahun: 2025
2025-05-28 11:27:53.159 - INFO: DEBUG: act = handleGetJenisLaporan
2025-05-28 11:27:53.167 - INFO: DEBUG: act = handleGetsumberdata
2025-05-28 11:27:53.170 - INFO: DEBUG: act = null
2025-05-28 11:27:53.170 - INFO: vkd_sumberdata: 
2025-05-28 11:27:53.171 - INFO: vtahun: 2025
2025-05-28 11:29:43.859 - INFO: DEBUG: act = handleGetJenisLaporan
2025-05-28 11:29:43.860 - INFO: DEBUG: act = handleGetsumberdata
2025-05-28 11:29:43.883 - INFO: DEBUG: act = null
2025-05-28 11:29:43.884 - INFO: vkd_sumberdata: 
2025-05-28 11:29:43.884 - INFO: vtahun: 2025
2025-05-28 11:30:45.416 - INFO: DEBUG: act = handleGetsumberdata
2025-05-28 11:30:45.418 - INFO: DEBUG: act = null
2025-05-28 11:30:45.417 - INFO: DEBUG: act = handleGetJenisLaporan
2025-05-28 11:30:45.428 - INFO: vkd_sumberdata: 
2025-05-28 11:30:45.428 - INFO: vtahun: 2025
2025-05-28 11:31:44.323 - INFO: DEBUG: act = handleGetJenisLaporan
2025-05-28 11:31:44.326 - INFO: DEBUG: act = handleGetsumberdata
2025-05-28 11:31:44.355 - INFO: DEBUG: act = null
2025-05-28 11:31:44.355 - INFO: vkd_sumberdata: 
2025-05-28 11:31:44.356 - INFO: vtahun: 2025
2025-05-28 11:34:26.570 - INFO: DEBUG: act = handleGetJenisLaporan
2025-05-28 11:34:26.571 - INFO: DEBUG: act = handleGetsumberdata
2025-05-28 11:34:26.583 - INFO: DEBUG: act = null
2025-05-28 11:34:26.584 - INFO: vkd_sumberdata: 
2025-05-28 11:34:26.584 - INFO: vtahun: 2025
2025-05-28 11:39:23.493 - INFO: DEBUG: act = handleGetJenisLaporan
2025-05-28 11:39:23.494 - INFO: DEBUG: act = handleGetsumberdata
2025-05-28 11:39:23.504 - INFO: DEBUG: act = null
2025-05-28 11:39:23.505 - INFO: vkd_sumberdata: 
2025-05-28 11:39:23.506 - INFO: vtahun: 2025
2025-05-28 11:41:38.328 - INFO: DEBUG: act = handleGetsumberdata
2025-05-28 11:41:38.328 - INFO: DEBUG: act = handleGetJenisLaporan
2025-05-28 11:41:38.339 - INFO: DEBUG: act = null
2025-05-28 11:41:38.340 - INFO: vkd_sumberdata: 
2025-05-28 11:41:38.340 - INFO: vtahun: 2025
2025-05-28 11:42:33.205 - INFO: DEBUG: act = handleGetJenisLaporan
2025-05-28 11:42:33.206 - INFO: DEBUG: act = handleGetsumberdata
2025-05-28 11:42:33.222 - INFO: DEBUG: act = null
2025-05-28 11:42:33.222 - INFO: vkd_sumberdata: 
2025-05-28 11:42:33.223 - INFO: vtahun: 2025
2025-05-28 11:43:08.800 - INFO: DEBUG: act = handleGetJenisLaporan
2025-05-28 11:43:08.800 - INFO: DEBUG: act = handleGetsumberdata
2025-05-28 11:43:08.808 - INFO: DEBUG: act = null
2025-05-28 11:43:08.808 - INFO: vkd_sumberdata: 
2025-05-28 11:43:08.808 - INFO: vtahun: 2025
2025-05-28 11:47:11.400 - INFO: DEBUG: act = handleGetJenisLaporan
2025-05-28 11:47:11.400 - INFO: DEBUG: act = handleGetsumberdata
2025-05-28 11:47:11.418 - INFO: DEBUG: act = null
2025-05-28 11:47:11.419 - INFO: vkd_sumberdata: 
2025-05-28 11:47:11.419 - INFO: vtahun: 2025
2025-05-28 11:51:08.546 - INFO: DEBUG: act = handleGetJenisLaporan
2025-05-28 11:51:08.556 - INFO: DEBUG: act = handleGetsumberdata
2025-05-28 11:51:08.591 - INFO: DEBUG: act = null
2025-05-28 11:51:08.592 - INFO: vkd_sumberdata: 
2025-05-28 11:51:08.592 - INFO: vtahun: 2025
2025-05-28 11:52:25.870 - INFO: DEBUG: act = handleGetJenisLaporan
2025-05-28 11:52:25.871 - INFO: DEBUG: act = handleGetsumberdata
2025-05-28 11:52:25.887 - INFO: DEBUG: act = null
2025-05-28 11:52:25.887 - INFO: vkd_sumberdata: 
2025-05-28 11:52:25.887 - INFO: vtahun: 2025
2025-05-28 13:08:02.793 - INFO: DEBUG: act = handleGetJenisLaporan
2025-05-28 13:08:02.793 - INFO: DEBUG: act = handleGetsumberdata
2025-05-28 13:08:02.822 - INFO: DEBUG: act = null
2025-05-28 13:08:02.822 - INFO: vkd_sumberdata: 
2025-05-28 13:08:02.822 - INFO: vtahun: 2025
2025-05-28 13:09:39.455 - INFO: DEBUG: act = handleGetJenisLaporan
2025-05-28 13:09:39.456 - INFO: DEBUG: act = handleGetsumberdata
2025-05-28 13:09:39.481 - INFO: DEBUG: act = null
2025-05-28 13:09:39.481 - INFO: vkd_sumberdata: 
2025-05-28 13:09:39.481 - INFO: vtahun: 2025
2025-05-28 13:20:58.604 - INFO: DEBUG: act = handleGetJenisLaporan
2025-05-28 13:20:58.604 - INFO: DEBUG: act = handleGetsumberdata
2025-05-28 13:20:58.634 - INFO: DEBUG: act = null
2025-05-28 13:20:58.635 - INFO: vkd_sumberdata: 
2025-05-28 13:20:58.635 - INFO: vtahun: 2025
2025-05-28 13:25:53.933 - INFO: DEBUG: act = null
2025-05-28 13:25:53.933 - INFO: vkd_sumberdata: SEMUA
2025-05-28 13:25:53.933 - INFO: vtahun: 2025
2025-05-28 13:25:54.402 - INFO: DEBUG: act = null
2025-05-28 13:25:54.402 - INFO: vkd_sumberdata: SEMUA
2025-05-28 13:25:54.402 - INFO: vtahun: 2025
2025-05-28 13:25:54.988 - INFO: DEBUG: act = null
2025-05-28 13:25:54.988 - INFO: vkd_sumberdata: SEMUA
2025-05-28 13:25:54.988 - INFO: vtahun: 2025
2025-05-28 13:25:57.200 - INFO: DEBUG: act = null
2025-05-28 13:25:57.200 - INFO: vkd_sumberdata: SEMUA
2025-05-28 13:25:57.200 - INFO: vtahun: 2025
2025-05-28 13:25:57.748 - INFO: DEBUG: act = null
2025-05-28 13:25:57.748 - INFO: vkd_sumberdata: SEMUA
2025-05-28 13:25:57.748 - INFO: vtahun: 2025
2025-05-28 13:25:58.710 - INFO: DEBUG: act = null
2025-05-28 13:25:58.710 - INFO: vkd_sumberdata: SEMUA
2025-05-28 13:25:58.710 - INFO: vtahun: 2025
2025-05-28 13:25:59.191 - INFO: DEBUG: act = null
2025-05-28 13:25:59.191 - INFO: vkd_sumberdata: SEMUA
2025-05-28 13:25:59.191 - INFO: vtahun: 2025
2025-05-28 13:25:59.717 - INFO: DEBUG: act = null
2025-05-28 13:25:59.717 - INFO: vkd_sumberdata: SEMUA
2025-05-28 13:25:59.732 - INFO: vtahun: 2025
2025-05-28 13:26:00.236 - INFO: DEBUG: act = null
2025-05-28 13:26:00.236 - INFO: vkd_sumberdata: SEMUA
2025-05-28 13:26:00.236 - INFO: vtahun: 2025
2025-05-28 13:26:14.975 - INFO: DEBUG: act = null
2025-05-28 13:26:14.975 - INFO: vkd_sumberdata: SEMUA
2025-05-28 13:26:14.975 - INFO: vtahun: 2025
2025-05-28 13:26:15.445 - INFO: DEBUG: act = null
2025-05-28 13:26:15.445 - INFO: vkd_sumberdata: SEMUA
2025-05-28 13:26:15.445 - INFO: vtahun: 2025
2025-05-28 13:26:16.037 - INFO: DEBUG: act = null
2025-05-28 13:26:16.038 - INFO: vkd_sumberdata: SEMUA
2025-05-28 13:26:16.038 - INFO: vtahun: 2025
2025-05-28 13:26:18.240 - INFO: DEBUG: act = null
2025-05-28 13:26:18.240 - INFO: vkd_sumberdata: SEMUA
2025-05-28 13:26:18.240 - INFO: vtahun: 2025
2025-05-28 13:58:38.566 - INFO: DEBUG: act = handleGetJenisLaporan
2025-05-28 13:58:38.567 - INFO: DEBUG: act = handleGetsumberdata
2025-05-28 13:58:38.590 - INFO: DEBUG: act = null
2025-05-28 13:58:38.590 - INFO: vkd_sumberdata: 
2025-05-28 13:58:38.590 - INFO: vtahun: 2025
2025-05-28 14:08:58.867 - INFO: DEBUG: act = null
2025-05-28 14:08:58.867 - INFO: vkd_sumberdata: DAPIL
2025-05-28 14:08:58.868 - INFO: vtahun: 2025
2025-05-28 14:09:02.184 - INFO: DEBUG: act = null
2025-05-28 14:09:02.184 - INFO: vkd_sumberdata: PEMDA
2025-05-28 14:09:02.185 - INFO: vtahun: 2025
2025-05-28 14:09:33.382 - INFO: DEBUG: act = handleGetJenisLaporan
2025-05-28 14:09:33.385 - INFO: DEBUG: act = handleGetsumberdata
2025-05-28 14:09:33.400 - INFO: DEBUG: act = null
2025-05-28 14:09:33.401 - INFO: vkd_sumberdata: 
2025-05-28 14:09:33.401 - INFO: vtahun: 2025
2025-05-28 16:24:43.751 - INFO: DEBUG: act = handleGetJenisLaporan
2025-05-28 16:24:43.751 - INFO: DEBUG: act = handleGetsumberdata
2025-05-28 16:24:43.780 - INFO: DEBUG: act = null
2025-05-28 16:24:43.780 - INFO: vkd_sumberdata: 
2025-05-28 16:24:43.780 - INFO: vtahun: 2025
2025-05-28 16:53:30.582 - INFO: DEBUG: act = handleGetsumberdata
2025-05-28 16:53:30.582 - INFO: DEBUG: act = null
2025-05-28 16:53:30.582 - INFO: DEBUG: act = handleGetJenisLaporan
2025-05-28 16:53:30.595 - INFO: vkd_sumberdata: 
2025-05-28 16:53:30.595 - INFO: vtahun: 2025
2025-05-28 16:53:39.250 - INFO: DEBUG: act = handleGetJenisLaporan
2025-05-28 16:53:39.250 - INFO: DEBUG: act = handleGetsumberdata
2025-05-28 16:53:39.286 - INFO: DEBUG: act = null
2025-05-28 16:53:39.286 - INFO: vkd_sumberdata: 
2025-05-28 16:53:39.286 - INFO: vtahun: 2025
2025-05-28 16:53:41.701 - INFO: DEBUG: act = handleGetJenisLaporan
2025-05-28 16:53:41.701 - INFO: DEBUG: act = handleGetsumberdata
2025-05-28 16:53:41.725 - INFO: DEBUG: act = null
2025-05-28 16:53:41.737 - INFO: vkd_sumberdata: 
2025-05-28 16:53:41.737 - INFO: vtahun: 2025
2025-05-28 16:53:43.368 - INFO: DEBUG: act = handleGetsumberdata
2025-05-28 16:53:43.368 - INFO: DEBUG: act = handleGetJenisLaporan
2025-05-28 16:53:43.392 - INFO: DEBUG: act = null
2025-05-28 16:53:43.405 - INFO: vkd_sumberdata: 
2025-05-28 16:53:43.405 - INFO: vtahun: 2025
2025-05-28 17:29:01.173 - INFO: DEBUG: act = handleGetsumberdata
2025-05-28 17:29:01.173 - INFO: DEBUG: act = handleGetJenisLaporan
2025-05-28 17:29:01.194 - INFO: DEBUG: act = null
2025-05-28 17:29:01.195 - INFO: vkd_sumberdata: 
2025-05-28 17:29:01.196 - INFO: vtahun: 2025
2025-05-28 17:29:04.454 - INFO: DEBUG: act = null
2025-05-28 17:29:04.455 - INFO: vkd_sumberdata: 
2025-05-28 17:29:04.456 - INFO: vtahun: 2025
2025-05-28 17:29:05.643 - INFO: DEBUG: act = null
2025-05-28 17:29:05.643 - INFO: vkd_sumberdata: 
2025-05-28 17:29:05.643 - INFO: vtahun: 2025
2025-05-28 17:29:06.522 - INFO: DEBUG: act = null
2025-05-28 17:29:06.522 - INFO: vkd_sumberdata: 
2025-05-28 17:29:06.522 - INFO: vtahun: 2025
2025-05-28 17:29:08.120 - INFO: DEBUG: act = handleGetJenisLaporan
2025-05-28 17:29:08.124 - INFO: DEBUG: act = handleGetsumberdata
2025-05-28 17:29:08.140 - INFO: DEBUG: act = null
2025-05-28 17:29:08.140 - INFO: vkd_sumberdata: 
2025-05-28 17:29:08.140 - INFO: vtahun: 2025
2025-05-28 17:29:09.994 - INFO: DEBUG: act = null
2025-05-28 17:29:09.994 - INFO: vkd_sumberdata: 
2025-05-28 17:29:09.994 - INFO: vtahun: 2025
2025-05-28 17:29:11.444 - INFO: DEBUG: act = null
2025-05-28 17:29:11.444 - INFO: vkd_sumberdata: 
2025-05-28 17:29:11.444 - INFO: vtahun: 2025
2025-05-28 17:29:12.324 - INFO: DEBUG: act = null
2025-05-28 17:29:12.332 - INFO: vkd_sumberdata: 
2025-05-28 17:29:12.333 - INFO: vtahun: 2025
2025-05-28 17:31:26.078 - INFO: DEBUG: act = handleGetJenisLaporan
2025-05-28 17:31:26.087 - INFO: DEBUG: act = null
2025-05-28 17:31:26.078 - INFO: DEBUG: act = handleGetsumberdata
2025-05-28 17:31:26.104 - INFO: vkd_sumberdata: 
2025-05-28 17:31:26.107 - INFO: vtahun: 2025
2025-05-28 17:31:50.344 - INFO: DEBUG: act = null
2025-05-28 17:31:50.344 - INFO: vkd_sumberdata: SEMUA
2025-05-28 17:31:50.344 - INFO: vtahun: 2025
2025-05-28 17:45:06.515 - INFO: DEBUG: act = null
2025-05-28 17:45:06.519 - INFO: vkd_sumberdata: SEMUA
2025-05-28 17:45:06.519 - INFO: vtahun: 2025
2025-05-28 17:45:15.124 - INFO: DEBUG: act = handleGetsumberdata
2025-05-28 17:45:15.124 - INFO: DEBUG: act = handleGetJenisLaporan
2025-05-28 17:45:15.156 - INFO: DEBUG: act = null
2025-05-28 17:45:15.156 - INFO: vkd_sumberdata: 
2025-05-28 17:45:15.156 - INFO: vtahun: 2025
2025-05-28 17:45:18.638 - INFO: DEBUG: act = null
2025-05-28 17:45:18.638 - INFO: vkd_sumberdata: 
2025-05-28 17:45:18.638 - INFO: vtahun: 2025
2025-05-28 17:48:53.849 - INFO: DEBUG: act = handleGetsumberdata
2025-05-28 17:48:53.849 - INFO: DEBUG: act = handleGetJenisLaporan
2025-05-28 17:48:53.853 - INFO: DEBUG: act = null
2025-05-28 17:48:53.853 - INFO: vkd_sumberdata: 
2025-05-28 17:48:53.853 - INFO: vtahun: 2025
2025-05-28 17:48:59.793 - INFO: DEBUG: act = null
2025-05-28 17:48:59.793 - INFO: vkd_sumberdata: 
2025-05-28 17:48:59.793 - INFO: vtahun: 2025
2025-05-28 18:09:31.039 - INFO: DEBUG: act = handleGetsumberdata
2025-05-28 18:09:31.039 - INFO: DEBUG: act = handleGetJenisLaporan
2025-05-28 18:09:31.061 - INFO: DEBUG: act = null
2025-05-28 18:09:31.062 - INFO: vkd_sumberdata: 
2025-05-28 18:09:31.062 - INFO: vtahun: 2025
2025-05-28 18:09:34.194 - INFO: DEBUG: act = null
2025-05-28 18:09:34.195 - INFO: vkd_sumberdata: 
2025-05-28 18:09:34.195 - INFO: vtahun: 2025
2025-05-28 18:09:37.283 - INFO: DEBUG: act = handleGetsumberdata
2025-05-28 18:09:37.283 - INFO: DEBUG: act = handleGetJenisLaporan
2025-05-28 18:09:37.311 - INFO: DEBUG: act = null
2025-05-28 18:09:37.311 - INFO: vkd_sumberdata: 
2025-05-28 18:09:37.311 - INFO: vtahun: 2025
2025-05-28 18:09:55.794 - INFO: DEBUG: act = null
2025-05-28 18:09:55.794 - INFO: vkd_sumberdata: 
2025-05-28 18:09:55.794 - INFO: vtahun: 2025
2025-05-28 18:09:56.487 - INFO: DEBUG: act = null
2025-05-28 18:09:56.497 - INFO: vkd_sumberdata: 
2025-05-28 18:09:56.497 - INFO: vtahun: 2025
2025-05-28 18:09:57.654 - INFO: DEBUG: act = null
2025-05-28 18:09:57.654 - INFO: vkd_sumberdata: 
2025-05-28 18:09:57.654 - INFO: vtahun: 2025
2025-05-28 18:09:57.874 - INFO: DEBUG: act = null
2025-05-28 18:09:57.874 - INFO: vkd_sumberdata: 
2025-05-28 18:09:57.874 - INFO: vtahun: 2025
2025-05-28 18:09:58.078 - INFO: DEBUG: act = null
2025-05-28 18:09:58.078 - INFO: vkd_sumberdata: 
2025-05-28 18:09:58.078 - INFO: vtahun: 2025
2025-05-28 18:09:58.267 - INFO: DEBUG: act = null
2025-05-28 18:09:58.267 - INFO: vkd_sumberdata: 
2025-05-28 18:09:58.267 - INFO: vtahun: 2025
2025-05-28 18:13:36.656 - INFO: DEBUG: act = handleGetJenisLaporan
2025-05-28 18:13:36.656 - INFO: DEBUG: act = handleGetsumberdata
2025-05-28 18:13:36.673 - INFO: DEBUG: act = null
2025-05-28 18:13:36.673 - INFO: vkd_sumberdata: 
2025-05-28 18:13:36.673 - INFO: vtahun: 2025
2025-05-28 18:13:46.160 - INFO: DEBUG: act = handleGetJenisLaporan
2025-05-28 18:13:46.160 - INFO: DEBUG: act = handleGetsumberdata
2025-05-28 18:13:46.176 - INFO: DEBUG: act = null
2025-05-28 18:13:46.186 - INFO: vkd_sumberdata: 
2025-05-28 18:13:46.186 - INFO: vtahun: 2025
2025-05-28 18:13:49.779 - INFO: DEBUG: act = null
2025-05-28 18:13:49.779 - INFO: vkd_sumberdata: 
2025-05-28 18:13:49.779 - INFO: vtahun: 2025
2025-05-28 18:14:23.855 - INFO: DEBUG: act = null
2025-05-28 18:14:23.855 - INFO: vkd_sumberdata: 
2025-05-28 18:14:23.855 - INFO: vtahun: 2025
2025-05-28 18:16:36.108 - INFO: DEBUG: act = handleGetJenisLaporan
2025-05-28 18:16:36.108 - INFO: DEBUG: act = handleGetsumberdata
2025-05-28 18:16:36.118 - INFO: DEBUG: act = null
2025-05-28 18:16:36.118 - INFO: vkd_sumberdata: 
2025-05-28 18:16:36.118 - INFO: vtahun: 2025
2025-05-28 18:16:41.966 - INFO: DEBUG: act = null
2025-05-28 18:16:41.966 - INFO: vkd_sumberdata: 
2025-05-28 18:16:41.966 - INFO: vtahun: 2025
2025-05-28 18:20:00.523 - INFO: DEBUG: act = handleGetJenisLaporan
2025-05-28 18:20:00.523 - INFO: DEBUG: act = handleGetsumberdata
2025-05-28 18:20:00.523 - INFO: DEBUG: act = null
2025-05-28 18:20:00.523 - INFO: vkd_sumberdata: 
2025-05-28 18:20:00.523 - INFO: vtahun: 2025
2025-05-28 18:20:05.457 - INFO: DEBUG: act = null
2025-05-28 18:20:05.457 - INFO: vkd_sumberdata: 
2025-05-28 18:20:05.457 - INFO: vtahun: 2025
2025-05-28 18:23:36.557 - INFO: DEBUG: act = handleGetJenisLaporan
2025-05-28 18:23:36.557 - INFO: DEBUG: act = handleGetsumberdata
2025-05-28 18:23:36.561 - INFO: DEBUG: act = null
2025-05-28 18:23:36.561 - INFO: vkd_sumberdata: 
2025-05-28 18:23:36.561 - INFO: vtahun: 2025
2025-05-28 18:23:43.298 - INFO: DEBUG: act = null
2025-05-28 18:23:43.298 - INFO: vkd_sumberdata: 
2025-05-28 18:23:43.298 - INFO: vtahun: 2025
2025-05-28 18:26:20.926 - INFO: DEBUG: act = handleGetJenisLaporan
2025-05-28 18:26:20.926 - INFO: DEBUG: act = handleGetsumberdata
2025-05-28 18:26:20.946 - INFO: DEBUG: act = null
2025-05-28 18:26:20.946 - INFO: vkd_sumberdata: 
2025-05-28 18:26:20.946 - INFO: vtahun: 2025
2025-05-28 18:26:25.323 - INFO: DEBUG: act = null
2025-05-28 18:26:25.323 - INFO: vkd_sumberdata: 
2025-05-28 18:26:25.323 - INFO: vtahun: 2025
2025-05-28 18:30:06.907 - INFO: DEBUG: act = handleGetJenisLaporan
2025-05-28 18:30:06.907 - INFO: DEBUG: act = handleGetsumberdata
2025-05-28 18:30:06.925 - INFO: DEBUG: act = null
2025-05-28 18:30:06.925 - INFO: vkd_sumberdata: 
2025-05-28 18:30:06.926 - INFO: vtahun: 2025
2025-05-28 18:30:20.177 - INFO: DEBUG: act = null
2025-05-28 18:30:20.177 - INFO: vkd_sumberdata: 
2025-05-28 18:30:20.177 - INFO: vtahun: 2025
2025-05-28 18:34:44.286 - INFO: DEBUG: act = handleGetJenisLaporan
2025-05-28 18:34:44.286 - INFO: DEBUG: act = handleGetsumberdata
2025-05-28 18:34:44.290 - INFO: DEBUG: act = null
2025-05-28 18:34:44.290 - INFO: vkd_sumberdata: 
2025-05-28 18:34:44.290 - INFO: vtahun: 2025
2025-05-28 18:34:53.046 - INFO: DEBUG: act = null
2025-05-28 18:34:53.046 - INFO: vkd_sumberdata: 
2025-05-28 18:34:53.046 - INFO: vtahun: 2025
2025-05-28 18:38:24.860 - INFO: DEBUG: act = handleGetJenisLaporan
2025-05-28 18:38:24.860 - INFO: DEBUG: act = handleGetsumberdata
2025-05-28 18:38:24.874 - INFO: DEBUG: act = null
2025-05-28 18:38:24.874 - INFO: vkd_sumberdata: 
2025-05-28 18:38:24.874 - INFO: vtahun: 2025
2025-05-28 18:38:29.691 - INFO: DEBUG: act = null
2025-05-28 18:38:29.691 - INFO: vkd_sumberdata: 
2025-05-28 18:38:29.691 - INFO: vtahun: 2025
2025-05-28 18:40:47.815 - INFO: DEBUG: act = handleGetJenisLaporan
2025-05-28 18:40:47.815 - INFO: DEBUG: act = handleGetsumberdata
2025-05-28 18:40:47.825 - INFO: DEBUG: act = null
2025-05-28 18:40:47.825 - INFO: vkd_sumberdata: 
2025-05-28 18:40:47.825 - INFO: vtahun: 2025
2025-05-28 18:44:41.014 - INFO: DEBUG: act = null
2025-05-28 18:44:41.014 - INFO: vkd_sumberdata: 
2025-05-28 18:44:41.024 - INFO: vtahun: 2025
