2025-05-22 06:40:17.101 - INFO: Halaman yang dipilih: 1, start: 0, length: 10, all: false
2025-05-22 06:52:08.283 - INFO: Halaman yang dipilih: 1, start: 0, length: 10, all: false
2025-05-22 06:53:59.578 - INFO: Halaman yang dipilih: 1, start: 0, length: 10, all: false
2025-05-22 07:10:34.076 - INFO: Halaman yang dipilih: 1, start: 0, length: 10, all: false
2025-05-22 07:10:55.063 - INFO: Halaman yang dipilih: 1, start: 0, length: 10, all: false
2025-05-22 07:24:32.216 - INFO: Halaman yang dipilih: 1, start: 0, length: 10, all: false
2025-05-22 07:37:36.855 - INFO: DEBUG: act = handleGetJenisLaporan
2025-05-22 07:37:36.855 - INFO: DEBUG: act = handleGetsumberdata
2025-05-22 07:42:50.979 - INFO: DEBUG: act = handleGetJenisLaporan
2025-05-22 07:42:50.979 - INFO: DEBUG: act = handleGetsumberdata
2025-05-22 07:45:56.756 - INFO: DEBUG: act = handleGetJenisLaporan
2025-05-22 07:45:56.757 - INFO: DEBUG: act = handleGetsumberdata
2025-05-22 07:51:52.528 - INFO: DEBUG: act = handleGetsumberdata
2025-05-22 07:51:52.528 - INFO: DEBUG: act = handleGetJenisLaporan
2025-05-22 07:52:19.441 - INFO: DEBUG: act = null
2025-05-22 07:52:19.441 - INFO: Halaman yang dipilih: 1, start: 0, length: 10, all: false
2025-05-22 07:52:30.940 - INFO: DEBUG: act = handleGetJenisLaporan
2025-05-22 07:52:30.940 - INFO: DEBUG: act = handleGetsumberdata
2025-05-22 07:53:42.077 - INFO: DEBUG: act = handleGetJenisLaporan
2025-05-22 07:53:42.080 - INFO: DEBUG: act = null
2025-05-22 07:53:42.077 - INFO: DEBUG: act = handleGetsumberdata
2025-05-22 07:53:42.118 - INFO: Halaman yang dipilih: 1, start: 0, length: 10, all: false
2025-05-22 07:58:21.023 - INFO: DEBUG: act = null
2025-05-22 07:58:21.056 - INFO: Halaman yang dipilih: 1, start: 0, length: 10, all: false
2025-05-22 08:00:14.665 - INFO: DEBUG: act = null
2025-05-22 08:00:14.665 - INFO: Halaman yang dipilih: 1, start: 0, length: 10, all: false
2025-05-22 08:00:26.403 - INFO: DEBUG: act = null
2025-05-22 08:00:26.404 - INFO: Halaman yang dipilih: 1, start: 0, length: 10, all: false
2025-05-22 09:40:16.860 - INFO: DEBUG: act = null
2025-05-22 09:40:16.868 - INFO: Halaman yang dipilih: 1, start: 0, length: 10, all: false
2025-05-22 09:41:35.544 - INFO: DEBUG: act = null
2025-05-22 09:41:35.545 - INFO: Halaman yang dipilih: 1, start: 0, length: 10, all: false
2025-05-22 09:43:28.147 - INFO: DEBUG: act = null
2025-05-22 09:43:28.147 - INFO: Halaman yang dipilih: 2, start: 10, length: 10, all: false
2025-05-22 09:43:30.442 - INFO: DEBUG: act = null
2025-05-22 09:43:30.454 - INFO: Halaman yang dipilih: 3, start: 20, length: 10, all: false
2025-05-22 09:43:46.069 - INFO: DEBUG: act = null
2025-05-22 09:43:46.070 - INFO: Halaman yang dipilih: 1, start: 0, length: 10, all: false
2025-05-22 09:43:52.234 - INFO: DEBUG: act = null
2025-05-22 09:43:52.235 - INFO: Halaman yang dipilih: 1, start: 0, length: 10, all: false
2025-05-22 09:43:58.151 - INFO: DEBUG: act = null
2025-05-22 09:43:58.151 - INFO: Halaman yang dipilih: 1, start: 0, length: 10, all: false
2025-05-22 09:45:28.527 - INFO: DEBUG: act = handleGetsumberdata
2025-05-22 09:45:28.528 - INFO: DEBUG: act = null
2025-05-22 09:45:28.528 - INFO: DEBUG: act = handleGetJenisLaporan
2025-05-22 09:45:28.549 - INFO: Halaman yang dipilih: 1, start: 0, length: 10, all: false
2025-05-22 09:47:12.919 - INFO: DEBUG: act = handleGetJenisLaporan
2025-05-22 09:47:12.920 - INFO: DEBUG: act = handleGetsumberdata
2025-05-22 09:47:12.942 - INFO: DEBUG: act = null
2025-05-22 09:47:12.942 - INFO: Halaman yang dipilih: 1, start: 0, length: 10, all: false
2025-05-22 09:56:07.795 - INFO: DEBUG: act = handleGetJenisLaporan
2025-05-22 09:56:07.796 - INFO: DEBUG: act = handleGetsumberdata
2025-05-22 09:56:07.813 - INFO: DEBUG: act = null
2025-05-22 09:56:07.813 - INFO: Halaman yang dipilih: 1, start: 0, length: 10, all: false
2025-05-22 09:59:01.329 - INFO: DEBUG: act = handleGetsumberdata
2025-05-22 09:59:01.332 - INFO: DEBUG: act = null
2025-05-22 09:59:01.329 - INFO: DEBUG: act = handleGetJenisLaporan
2025-05-22 09:59:01.345 - INFO: Halaman yang dipilih: 1, start: 0, length: 10, all: false
2025-05-22 10:02:08.059 - INFO: DEBUG: act = handleGetJenisLaporan
2025-05-22 10:02:08.059 - INFO: DEBUG: act = handleGetsumberdata
2025-05-22 10:02:08.091 - INFO: DEBUG: act = null
2025-05-22 10:02:08.091 - INFO: Halaman yang dipilih: 1, start: 0, length: 10, all: false
2025-05-22 10:04:42.709 - INFO: DEBUG: act = handleGetJenisLaporan
2025-05-22 10:04:42.709 - INFO: DEBUG: act = handleGetsumberdata
2025-05-22 10:04:42.717 - INFO: DEBUG: act = null
2025-05-22 10:04:42.718 - INFO: Halaman yang dipilih: 1, start: 0, length: 10, all: false
2025-05-22 10:10:41.377 - INFO: DEBUG: act = handleGetsumberdata
2025-05-22 10:10:41.377 - INFO: DEBUG: act = handleGetJenisLaporan
2025-05-22 10:10:41.383 - INFO: DEBUG: act = null
2025-05-22 10:10:41.383 - INFO: Halaman yang dipilih: 1, start: 0, length: 10, all: false
2025-05-22 10:20:19.413 - INFO: DEBUG: act = handleGetJenisLaporan
2025-05-22 10:20:19.414 - INFO: DEBUG: act = null
2025-05-22 10:20:19.413 - INFO: DEBUG: act = handleGetsumberdata
2025-05-22 10:20:19.453 - INFO: Halaman yang dipilih: 1, start: 0, length: 10, all: false
2025-05-22 10:28:52.870 - INFO: DEBUG: act = handleGetsumberdata
2025-05-22 10:28:52.875 - INFO: DEBUG: act = null
2025-05-22 10:28:52.870 - INFO: DEBUG: act = handleGetJenisLaporan
2025-05-22 10:28:52.916 - INFO: Halaman yang dipilih: 1, start: 0, length: 10, all: false
2025-05-22 10:28:57.274 - INFO: DEBUG: act = null
2025-05-22 10:28:57.274 - INFO: Halaman yang dipilih: 1, start: 0, length: 2147483647, all: true
2025-05-22 10:33:58.160 - INFO: DEBUG: act = handleGetsumberdata
2025-05-22 10:33:58.160 - INFO: DEBUG: act = handleGetJenisLaporan
2025-05-22 10:33:58.174 - INFO: DEBUG: act = null
2025-05-22 10:33:58.175 - INFO: Halaman yang dipilih: 1, start: 0, length: 10, all: false
2025-05-22 10:34:03.994 - INFO: DEBUG: act = null
2025-05-22 10:34:04.010 - INFO: Halaman yang dipilih: 1, start: 0, length: 2147483647, all: true
2025-05-22 10:34:59.837 - INFO: DEBUG: act = handleGetJenisLaporan
2025-05-22 10:34:59.853 - INFO: DEBUG: act = handleGetsumberdata
2025-05-22 10:34:59.869 - INFO: DEBUG: act = null
2025-05-22 10:34:59.869 - INFO: Halaman yang dipilih: 1, start: 0, length: 10, all: false
2025-05-22 10:35:16.365 - INFO: DEBUG: act = null
2025-05-22 10:35:16.365 - INFO: Halaman yang dipilih: 1, start: 0, length: 2147483647, all: true
2025-05-22 10:39:34.891 - INFO: DEBUG: act = handleGetsumberdata
2025-05-22 10:39:34.891 - INFO: DEBUG: act = handleGetJenisLaporan
2025-05-22 10:39:34.915 - INFO: DEBUG: act = null
2025-05-22 10:39:34.916 - INFO: Halaman yang dipilih: 1, start: 0, length: 10, all: false
2025-05-22 10:39:38.655 - INFO: DEBUG: act = null
2025-05-22 10:39:38.655 - INFO: Halaman yang dipilih: 1, start: 0, length: 2147483647, all: true
2025-05-22 10:45:39.598 - INFO: DEBUG: act = handleGetJenisLaporan
2025-05-22 10:45:39.598 - INFO: DEBUG: act = handleGetsumberdata
2025-05-22 10:45:39.619 - INFO: DEBUG: act = null
2025-05-22 10:45:39.619 - INFO: Halaman yang dipilih: 1, start: 0, length: 10, all: false
2025-05-22 10:50:03.967 - INFO: DEBUG: act = handleGetsumberdata
2025-05-22 10:50:03.978 - INFO: DEBUG: act = null
2025-05-22 10:50:03.967 - INFO: DEBUG: act = handleGetJenisLaporan
2025-05-22 10:50:03.984 - INFO: === prosesDataUtama Parameters ===
2025-05-22 10:50:03.985 - INFO: draw: 1
2025-05-22 10:50:03.986 - INFO: start: 0
2025-05-22 10:50:03.987 - INFO: length: 10
2025-05-22 10:50:03.989 - INFO: page: 1
2025-05-22 10:50:03.989 - INFO: searchValue: 
2025-05-22 10:50:03.991 - INFO: vtahun: 2025
2025-05-22 10:50:03.993 - INFO: voption: PROVINSI
2025-05-22 10:50:03.995 - INFO: vdata: TOTAL_SUMBER
2025-05-22 10:50:03.996 - INFO: all: false
2025-05-22 10:50:03.997 - INFO: orderColumnIndex: 0
2025-05-22 10:50:03.997 - INFO: orderDir: asc
2025-05-22 10:50:03.999 - INFO: Final orderBy: KD_PROV, orderDir: ASC
2025-05-22 10:50:54.365 - INFO: DEBUG: act = null
2025-05-22 10:50:54.365 - INFO: === prosesDataUtama Parameters ===
2025-05-22 10:50:54.365 - INFO: draw: 2
2025-05-22 10:50:54.365 - INFO: start: 0
2025-05-22 10:50:54.365 - INFO: length: 10
2025-05-22 10:50:54.365 - INFO: page: 1
2025-05-22 10:50:54.365 - INFO: searchValue: 
2025-05-22 10:50:54.365 - INFO: vtahun: 2025
2025-05-22 10:50:54.365 - INFO: voption: UPI
2025-05-22 10:50:54.365 - INFO: vdata: TOTAL_SUMBER
2025-05-22 10:50:54.365 - INFO: all: false
2025-05-22 10:50:54.365 - INFO: orderColumnIndex: 0
2025-05-22 10:50:54.365 - INFO: orderDir: asc
2025-05-22 10:50:54.365 - INFO: Final orderBy: UNITUPI, orderDir: ASC
2025-05-22 10:51:34.778 - INFO: DEBUG: act = null
2025-05-22 10:51:34.778 - INFO: === prosesDataUtama Parameters ===
2025-05-22 10:51:34.778 - INFO: draw: 3
2025-05-22 10:51:34.778 - INFO: start: 10
2025-05-22 10:51:34.778 - INFO: length: 10
2025-05-22 10:51:34.778 - INFO: page: 2
2025-05-22 10:51:34.778 - INFO: searchValue: 
2025-05-22 10:51:34.778 - INFO: vtahun: 2025
2025-05-22 10:51:34.778 - INFO: voption: UPI
2025-05-22 10:51:34.778 - INFO: vdata: TOTAL_SUMBER
2025-05-22 10:51:34.778 - INFO: all: false
2025-05-22 10:51:34.778 - INFO: orderColumnIndex: 0
2025-05-22 10:51:34.778 - INFO: orderDir: asc
2025-05-22 10:51:34.778 - INFO: Final orderBy: UNITUPI, orderDir: ASC
2025-05-22 10:52:00.302 - INFO: DEBUG: act = null
2025-05-22 10:52:00.302 - INFO: === prosesDataUtama Parameters ===
2025-05-22 10:52:00.302 - INFO: draw: 4
2025-05-22 10:52:00.302 - INFO: start: 20
2025-05-22 10:52:00.302 - INFO: length: 10
2025-05-22 10:52:00.302 - INFO: page: 3
2025-05-22 10:52:00.318 - INFO: searchValue: 
2025-05-22 10:52:00.318 - INFO: vtahun: 2025
2025-05-22 10:52:00.318 - INFO: voption: UPI
2025-05-22 10:52:00.318 - INFO: vdata: TOTAL_SUMBER
2025-05-22 10:52:00.318 - INFO: all: false
2025-05-22 10:52:00.318 - INFO: orderColumnIndex: 0
2025-05-22 10:52:00.318 - INFO: orderDir: asc
2025-05-22 10:52:00.318 - INFO: Final orderBy: UNITUPI, orderDir: ASC
2025-05-22 12:56:16.867 - INFO: DEBUG: act = null
2025-05-22 12:56:16.867 - INFO: === prosesDataUtama Parameters ===
2025-05-22 12:56:16.867 - INFO: draw: 5
2025-05-22 12:56:16.867 - INFO: start: 0
2025-05-22 12:56:16.867 - INFO: length: 10
2025-05-22 12:56:16.867 - INFO: page: 1
2025-05-22 12:56:16.867 - INFO: searchValue: 
2025-05-22 12:56:16.867 - INFO: vtahun: 2025
2025-05-22 12:56:16.867 - INFO: voption: UPI
2025-05-22 12:56:16.867 - INFO: vdata: TOTAL_SUMBER
2025-05-22 12:56:16.867 - INFO: all: false
2025-05-22 12:56:16.867 - INFO: orderColumnIndex: 0
2025-05-22 12:56:16.867 - INFO: orderDir: asc
2025-05-22 12:56:16.867 - INFO: Final orderBy: UNITUPI, orderDir: ASC
2025-05-22 12:56:18.077 - INFO: DEBUG: act = null
2025-05-22 12:56:18.077 - INFO: === prosesDataUtama Parameters ===
2025-05-22 12:56:18.077 - INFO: draw: 1
2025-05-22 12:56:18.077 - INFO: start: 0
2025-05-22 12:56:18.093 - INFO: length: 2147483647
2025-05-22 12:56:18.093 - INFO: page: 1
2025-05-22 12:56:18.093 - INFO: searchValue: 
2025-05-22 12:56:18.093 - INFO: vtahun: 2025
2025-05-22 12:56:18.093 - INFO: voption: UPI
2025-05-22 12:56:18.093 - INFO: vdata: TOTAL_SUMBER
2025-05-22 12:56:18.093 - INFO: all: true
2025-05-22 12:56:18.093 - INFO: orderColumnIndex: null
2025-05-22 12:56:18.093 - INFO: orderDir: asc
2025-05-22 12:56:18.093 - INFO: Final orderBy: UNITUPI, orderDir: ASC
2025-05-22 13:09:56.260 - INFO: DEBUG: act = handleGetJenisLaporan
2025-05-22 13:09:56.260 - INFO: DEBUG: act = handleGetsumberdata
2025-05-22 13:09:56.286 - INFO: DEBUG: act = null
2025-05-22 13:09:56.286 - INFO: === prosesDataUtama Parameters ===
2025-05-22 13:09:56.286 - INFO: draw: 1
2025-05-22 13:09:56.286 - INFO: start: 0
2025-05-22 13:09:56.287 - INFO: length: 10
2025-05-22 13:09:56.287 - INFO: page: 1
2025-05-22 13:09:56.287 - INFO: searchValue: 
2025-05-22 13:09:56.287 - INFO: vtahun: 2025
2025-05-22 13:09:56.288 - INFO: voption: PROVINSI
2025-05-22 13:09:56.288 - INFO: vdata: TOTAL_SUMBER
2025-05-22 13:09:56.288 - INFO: all: false
2025-05-22 13:09:56.289 - INFO: orderColumnIndex: 0
2025-05-22 13:09:56.289 - INFO: orderDir: asc
2025-05-22 13:09:56.289 - INFO: Final orderBy: KD_PROV, orderDir: ASC
2025-05-22 13:13:45.611 - INFO: DEBUG: act = handleGetsumberdata
2025-05-22 13:13:45.611 - INFO: DEBUG: act = null
2025-05-22 13:13:45.611 - INFO: DEBUG: act = handleGetJenisLaporan
2025-05-22 13:13:45.624 - INFO: === prosesDataUtama Parameters ===
2025-05-22 13:13:45.625 - INFO: draw: 1
2025-05-22 13:13:45.626 - INFO: start: 0
2025-05-22 13:13:45.627 - INFO: length: 10
2025-05-22 13:13:45.628 - INFO: page: 1
2025-05-22 13:13:45.629 - INFO: searchValue: 
2025-05-22 13:13:45.629 - INFO: vtahun: 2025
2025-05-22 13:13:45.629 - INFO: voption: PROVINSI
2025-05-22 13:13:45.629 - INFO: vdata: TOTAL_SUMBER
2025-05-22 13:13:45.631 - INFO: all: false
2025-05-22 13:13:45.631 - INFO: orderColumnIndex: 0
2025-05-22 13:13:45.632 - INFO: orderDir: asc
2025-05-22 13:13:45.633 - INFO: Final orderBy: KD_PROV, orderDir: ASC
2025-05-22 13:19:39.393 - INFO: DEBUG: act = handleGetsumberdata
2025-05-22 13:19:39.400 - INFO: DEBUG: act = null
2025-05-22 13:19:39.394 - INFO: DEBUG: act = handleGetJenisLaporan
2025-05-22 13:19:39.408 - INFO: === prosesDataUtama Parameters ===
2025-05-22 13:19:39.408 - INFO: draw: 1
2025-05-22 13:19:39.409 - INFO: start: 0
2025-05-22 13:19:39.410 - INFO: length: 10
2025-05-22 13:19:39.410 - INFO: page: 1
2025-05-22 13:19:39.411 - INFO: searchValue: 
2025-05-22 13:19:39.412 - INFO: vtahun: 2025
2025-05-22 13:19:39.412 - INFO: voption: PROVINSI
2025-05-22 13:19:39.413 - INFO: vdata: TOTAL_SUMBER
2025-05-22 13:19:39.415 - INFO: all: false
2025-05-22 13:19:39.416 - INFO: orderColumnIndex: 0
2025-05-22 13:19:39.418 - INFO: orderDir: asc
2025-05-22 13:19:39.420 - INFO: Final orderBy: KD_PROV, orderDir: ASC
2025-05-22 13:28:48.567 - INFO: DEBUG: act = handleGetsumberdata
2025-05-22 13:28:48.573 - INFO: DEBUG: act = null
2025-05-22 13:28:48.567 - INFO: DEBUG: act = handleGetJenisLaporan
2025-05-22 13:28:48.622 - INFO: === prosesDataUtama Parameters ===
2025-05-22 13:28:48.691 - INFO: draw: 1
2025-05-22 13:28:48.699 - INFO: start: 0
2025-05-22 13:28:48.701 - INFO: length: 10
2025-05-22 13:28:48.702 - INFO: page: 1
2025-05-22 13:28:48.703 - INFO: searchValue: 
2025-05-22 13:28:48.705 - INFO: vtahun: 2025
2025-05-22 13:28:48.708 - INFO: voption: PROVINSI
2025-05-22 13:28:48.712 - INFO: vdata: TOTAL_SUMBER
2025-05-22 13:28:48.713 - INFO: all: false
2025-05-22 13:28:48.715 - INFO: orderColumnIndex: 0
2025-05-22 13:28:48.716 - INFO: orderDir: asc
2025-05-22 13:28:48.717 - INFO: Final orderBy: KD_PROV, orderDir: ASC
2025-05-22 13:28:52.312 - INFO: DEBUG: act = handleGetsumberdata
2025-05-22 13:28:52.312 - INFO: DEBUG: act = handleGetJenisLaporan
2025-05-22 13:28:52.329 - INFO: DEBUG: act = null
2025-05-22 13:28:52.330 - INFO: === prosesDataUtama Parameters ===
2025-05-22 13:28:52.330 - INFO: draw: 1
2025-05-22 13:28:52.331 - INFO: start: 0
2025-05-22 13:28:52.331 - INFO: length: 10
2025-05-22 13:28:52.332 - INFO: page: 1
2025-05-22 13:28:52.332 - INFO: searchValue: 
2025-05-22 13:28:52.332 - INFO: vtahun: 2025
2025-05-22 13:28:52.333 - INFO: voption: PROVINSI
2025-05-22 13:28:52.333 - INFO: vdata: TOTAL_SUMBER
2025-05-22 13:28:52.333 - INFO: all: false
2025-05-22 13:28:52.333 - INFO: orderColumnIndex: 0
2025-05-22 13:28:52.334 - INFO: orderDir: asc
2025-05-22 13:28:52.336 - INFO: Final orderBy: KD_PROV, orderDir: ASC
2025-05-22 13:28:55.411 - INFO: DEBUG: act = handleGetJenisLaporan
2025-05-22 13:28:55.412 - INFO: DEBUG: act = handleGetsumberdata
2025-05-22 13:28:55.452 - INFO: DEBUG: act = null
2025-05-22 13:28:55.453 - INFO: === prosesDataUtama Parameters ===
2025-05-22 13:28:55.453 - INFO: draw: 1
2025-05-22 13:28:55.454 - INFO: start: 0
2025-05-22 13:28:55.454 - INFO: length: 10
2025-05-22 13:28:55.454 - INFO: page: 1
2025-05-22 13:28:55.455 - INFO: searchValue: 
2025-05-22 13:28:55.455 - INFO: vtahun: 2025
2025-05-22 13:28:55.455 - INFO: voption: PROVINSI
2025-05-22 13:28:55.455 - INFO: vdata: TOTAL_SUMBER
2025-05-22 13:28:55.456 - INFO: all: false
2025-05-22 13:28:55.456 - INFO: orderColumnIndex: 0
2025-05-22 13:28:55.456 - INFO: orderDir: asc
2025-05-22 13:28:55.457 - INFO: Final orderBy: KD_PROV, orderDir: ASC
2025-05-22 13:28:57.500 - INFO: DEBUG: act = handleGetJenisLaporan
2025-05-22 13:28:57.500 - INFO: DEBUG: act = handleGetsumberdata
2025-05-22 13:28:57.516 - INFO: DEBUG: act = null
2025-05-22 13:28:57.516 - INFO: === prosesDataUtama Parameters ===
2025-05-22 13:28:57.516 - INFO: draw: 1
2025-05-22 13:28:57.532 - INFO: start: 0
2025-05-22 13:28:57.532 - INFO: length: 10
2025-05-22 13:28:57.532 - INFO: page: 1
2025-05-22 13:28:57.532 - INFO: searchValue: 
2025-05-22 13:28:57.532 - INFO: vtahun: 2025
2025-05-22 13:28:57.532 - INFO: voption: PROVINSI
2025-05-22 13:28:57.532 - INFO: vdata: TOTAL_SUMBER
2025-05-22 13:28:57.532 - INFO: all: false
2025-05-22 13:28:57.532 - INFO: orderColumnIndex: 0
2025-05-22 13:28:57.532 - INFO: orderDir: asc
2025-05-22 13:28:57.532 - INFO: Final orderBy: KD_PROV, orderDir: ASC
2025-05-22 13:29:06.343 - INFO: DEBUG: act = handleGetJenisLaporan
2025-05-22 13:29:06.343 - INFO: DEBUG: act = handleGetsumberdata
2025-05-22 13:29:06.359 - INFO: DEBUG: act = null
2025-05-22 13:29:06.359 - INFO: === prosesDataUtama Parameters ===
2025-05-22 13:29:06.359 - INFO: draw: 1
2025-05-22 13:29:06.359 - INFO: start: 0
2025-05-22 13:29:06.359 - INFO: length: 10
2025-05-22 13:29:06.359 - INFO: page: 1
2025-05-22 13:29:06.359 - INFO: searchValue: 
2025-05-22 13:29:06.359 - INFO: vtahun: 2025
2025-05-22 13:29:06.359 - INFO: voption: PROVINSI
2025-05-22 13:29:06.359 - INFO: vdata: TOTAL_SUMBER
2025-05-22 13:29:06.359 - INFO: all: false
2025-05-22 13:29:06.359 - INFO: orderColumnIndex: 0
2025-05-22 13:29:06.359 - INFO: orderDir: asc
2025-05-22 13:29:06.359 - INFO: Final orderBy: KD_PROV, orderDir: ASC
2025-05-22 13:29:53.538 - INFO: DEBUG: act = null
2025-05-22 13:29:53.538 - INFO: === prosesDataUtama Parameters ===
2025-05-22 13:29:53.540 - INFO: draw: 2
2025-05-22 13:29:53.541 - INFO: start: 0
2025-05-22 13:29:53.541 - INFO: length: 10
2025-05-22 13:29:53.542 - INFO: page: 1
2025-05-22 13:29:53.542 - INFO: searchValue: 
2025-05-22 13:29:53.544 - INFO: vtahun: 2025
2025-05-22 13:29:53.544 - INFO: voption: PROVINSI
2025-05-22 13:29:53.545 - INFO: vdata: TOTAL_SUMBER
2025-05-22 13:29:53.545 - INFO: all: false
2025-05-22 13:29:53.546 - INFO: orderColumnIndex: 0
2025-05-22 13:29:53.546 - INFO: orderDir: asc
2025-05-22 13:29:53.546 - INFO: Final orderBy: KD_PROV, orderDir: ASC
2025-05-22 13:30:06.211 - INFO: DEBUG: act = null
2025-05-22 13:30:06.211 - INFO: === prosesDataUtama Parameters ===
2025-05-22 13:30:06.211 - INFO: draw: 2
2025-05-22 13:30:06.211 - INFO: start: 0
2025-05-22 13:30:06.211 - INFO: length: 10
2025-05-22 13:30:06.211 - INFO: page: 1
2025-05-22 13:30:06.211 - INFO: searchValue: 
2025-05-22 13:30:06.211 - INFO: vtahun: 2025
2025-05-22 13:30:06.211 - INFO: voption: PROVINSI
2025-05-22 13:30:06.211 - INFO: vdata: TOTAL_SUMBER
2025-05-22 13:30:06.211 - INFO: all: false
2025-05-22 13:30:06.211 - INFO: orderColumnIndex: 0
2025-05-22 13:30:06.211 - INFO: orderDir: asc
2025-05-22 13:30:06.211 - INFO: Final orderBy: KD_PROV, orderDir: ASC
2025-05-22 13:32:12.861 - INFO: DEBUG: act = handleGetsumberdata
2025-05-22 13:32:12.865 - INFO: DEBUG: act = null
2025-05-22 13:32:12.861 - INFO: DEBUG: act = handleGetJenisLaporan
2025-05-22 13:32:12.880 - INFO: === prosesDataUtama Parameters ===
2025-05-22 13:32:12.881 - INFO: draw: 1
2025-05-22 13:32:12.882 - INFO: start: 0
2025-05-22 13:32:12.883 - INFO: length: 10
2025-05-22 13:32:12.883 - INFO: page: 1
2025-05-22 13:32:12.883 - INFO: searchValue: 
2025-05-22 13:32:12.884 - INFO: vtahun: 2025
2025-05-22 13:32:12.884 - INFO: voption: PROVINSI
2025-05-22 13:32:12.885 - INFO: vdata: TOTAL_SUMBER
2025-05-22 13:32:12.885 - INFO: all: false
2025-05-22 13:32:12.886 - INFO: orderColumnIndex: 0
2025-05-22 13:32:12.886 - INFO: orderDir: asc
2025-05-22 13:32:12.887 - INFO: Final orderBy: KD_PROV, orderDir: ASC
2025-05-22 13:41:13.192 - INFO: DEBUG: act = null
2025-05-22 13:41:13.192 - INFO: === prosesDataUtama Parameters ===
2025-05-22 13:41:13.192 - INFO: draw: 2
2025-05-22 13:41:13.192 - INFO: start: 0
2025-05-22 13:41:13.192 - INFO: length: 10
2025-05-22 13:41:13.192 - INFO: page: 1
2025-05-22 13:41:13.192 - INFO: searchValue: 
2025-05-22 13:41:13.192 - INFO: vtahun: 2025
2025-05-22 13:41:13.192 - INFO: voption: PROVINSI
2025-05-22 13:41:13.192 - INFO: vdata: TOTAL_SUMBER
2025-05-22 13:41:13.192 - INFO: all: false
2025-05-22 13:41:13.192 - INFO: orderColumnIndex: 0
2025-05-22 13:41:13.192 - INFO: orderDir: asc
2025-05-22 13:41:13.192 - INFO: Final orderBy: KD_PROV, orderDir: ASC
2025-05-22 13:41:56.853 - INFO: DEBUG: act = handleGetJenisLaporan
2025-05-22 13:41:56.854 - INFO: DEBUG: act = handleGetsumberdata
2025-05-22 13:41:56.916 - INFO: DEBUG: act = null
2025-05-22 13:41:56.916 - INFO: === prosesDataUtama Parameters ===
2025-05-22 13:41:56.916 - INFO: draw: 1
2025-05-22 13:41:56.917 - INFO: start: 0
2025-05-22 13:41:56.917 - INFO: length: 10
2025-05-22 13:41:56.917 - INFO: page: 1
2025-05-22 13:41:56.917 - INFO: searchValue: 
2025-05-22 13:41:56.918 - INFO: vtahun: 2025
2025-05-22 13:41:56.918 - INFO: voption: PROVINSI
2025-05-22 13:41:56.918 - INFO: vdata: TOTAL_SUMBER
2025-05-22 13:41:56.919 - INFO: all: false
2025-05-22 13:41:56.919 - INFO: orderColumnIndex: 0
2025-05-22 13:41:56.919 - INFO: orderDir: asc
2025-05-22 13:41:56.919 - INFO: Final orderBy: KD_PROV, orderDir: ASC
2025-05-22 13:42:02.548 - INFO: DEBUG: act = handleGetsumberdata
2025-05-22 13:42:02.549 - INFO: DEBUG: act = handleGetJenisLaporan
2025-05-22 13:42:02.554 - INFO: DEBUG: act = null
2025-05-22 13:42:02.555 - INFO: === prosesDataUtama Parameters ===
2025-05-22 13:42:02.556 - INFO: draw: 1
2025-05-22 13:42:02.556 - INFO: start: 0
2025-05-22 13:42:02.557 - INFO: length: 10
2025-05-22 13:42:02.560 - INFO: page: 1
2025-05-22 13:42:02.560 - INFO: searchValue: 
2025-05-22 13:42:02.561 - INFO: vtahun: 2025
2025-05-22 13:42:02.561 - INFO: voption: PROVINSI
2025-05-22 13:42:02.561 - INFO: vdata: TOTAL_SUMBER
2025-05-22 13:42:02.562 - INFO: all: false
2025-05-22 13:42:02.562 - INFO: orderColumnIndex: 0
2025-05-22 13:42:02.562 - INFO: orderDir: asc
2025-05-22 13:42:02.563 - INFO: Final orderBy: KD_PROV, orderDir: ASC
2025-05-22 13:42:05.897 - INFO: DEBUG: act = handleGetJenisLaporan
2025-05-22 13:42:05.897 - INFO: DEBUG: act = handleGetsumberdata
2025-05-22 13:42:05.904 - INFO: DEBUG: act = null
2025-05-22 13:42:05.904 - INFO: === prosesDataUtama Parameters ===
2025-05-22 13:42:05.904 - INFO: draw: 1
2025-05-22 13:42:05.905 - INFO: start: 0
2025-05-22 13:42:05.905 - INFO: length: 10
2025-05-22 13:42:05.906 - INFO: page: 1
2025-05-22 13:42:05.906 - INFO: searchValue: 
2025-05-22 13:42:05.908 - INFO: vtahun: 2025
2025-05-22 13:42:05.909 - INFO: voption: PROVINSI
2025-05-22 13:42:05.909 - INFO: vdata: TOTAL_SUMBER
2025-05-22 13:42:05.910 - INFO: all: false
2025-05-22 13:42:05.910 - INFO: orderColumnIndex: 0
2025-05-22 13:42:05.911 - INFO: orderDir: asc
2025-05-22 13:42:05.911 - INFO: Final orderBy: KD_PROV, orderDir: ASC
2025-05-22 13:42:34.120 - INFO: DEBUG: act = handleGetsumberdata
2025-05-22 13:42:34.120 - INFO: DEBUG: act = handleGetJenisLaporan
2025-05-22 13:42:34.151 - INFO: DEBUG: act = null
2025-05-22 13:42:34.151 - INFO: === prosesDataUtama Parameters ===
2025-05-22 13:42:34.151 - INFO: draw: 1
2025-05-22 13:42:34.151 - INFO: start: 0
2025-05-22 13:42:34.151 - INFO: length: 10
2025-05-22 13:42:34.151 - INFO: page: 1
2025-05-22 13:42:34.151 - INFO: searchValue: 
2025-05-22 13:42:34.151 - INFO: vtahun: 2025
2025-05-22 13:42:34.151 - INFO: voption: PROVINSI
2025-05-22 13:42:34.151 - INFO: vdata: TOTAL_SUMBER
2025-05-22 13:42:34.151 - INFO: all: false
2025-05-22 13:42:34.151 - INFO: orderColumnIndex: 0
2025-05-22 13:42:34.151 - INFO: orderDir: asc
2025-05-22 13:42:34.151 - INFO: Final orderBy: KD_PROV, orderDir: ASC
2025-05-22 13:42:38.052 - INFO: DEBUG: act = handleGetsumberdata
2025-05-22 13:42:38.052 - INFO: DEBUG: act = handleGetJenisLaporan
2025-05-22 13:42:38.068 - INFO: DEBUG: act = null
2025-05-22 13:42:38.068 - INFO: === prosesDataUtama Parameters ===
2025-05-22 13:42:38.068 - INFO: draw: 1
2025-05-22 13:42:38.068 - INFO: start: 0
2025-05-22 13:42:38.068 - INFO: length: 10
2025-05-22 13:42:38.068 - INFO: page: 1
2025-05-22 13:42:38.068 - INFO: searchValue: 
2025-05-22 13:42:38.068 - INFO: vtahun: 2025
2025-05-22 13:42:38.068 - INFO: voption: PROVINSI
2025-05-22 13:42:38.068 - INFO: vdata: TOTAL_SUMBER
2025-05-22 13:42:38.068 - INFO: all: false
2025-05-22 13:42:38.068 - INFO: orderColumnIndex: 0
2025-05-22 13:42:38.068 - INFO: orderDir: asc
2025-05-22 13:42:38.068 - INFO: Final orderBy: KD_PROV, orderDir: ASC
2025-05-22 13:43:25.887 - INFO: DEBUG: act = handleGetsumberdata
2025-05-22 13:43:25.891 - INFO: DEBUG: act = null
2025-05-22 13:43:25.887 - INFO: DEBUG: act = handleGetJenisLaporan
2025-05-22 13:43:25.896 - INFO: === prosesDataUtama Parameters ===
2025-05-22 13:43:25.896 - INFO: draw: 1
2025-05-22 13:43:25.897 - INFO: start: 0
2025-05-22 13:43:25.897 - INFO: length: 10
2025-05-22 13:43:25.897 - INFO: page: 1
2025-05-22 13:43:25.898 - INFO: searchValue: 
2025-05-22 13:43:25.898 - INFO: vtahun: 2025
2025-05-22 13:43:25.898 - INFO: voption: PROVINSI
2025-05-22 13:43:25.898 - INFO: vdata: TOTAL_SUMBER
2025-05-22 13:43:25.899 - INFO: all: false
2025-05-22 13:43:25.899 - INFO: orderColumnIndex: 0
2025-05-22 13:43:25.899 - INFO: orderDir: asc
2025-05-22 13:43:25.900 - INFO: Final orderBy: KD_PROV, orderDir: ASC
2025-05-22 13:46:11.233 - INFO: DEBUG: act = handleGetsumberdata
2025-05-22 13:46:11.235 - INFO: DEBUG: act = null
2025-05-22 13:46:11.233 - INFO: DEBUG: act = handleGetJenisLaporan
2025-05-22 13:46:11.242 - INFO: === prosesDataUtama Parameters ===
2025-05-22 13:46:11.244 - INFO: draw: 1
2025-05-22 13:46:11.247 - INFO: start: 0
2025-05-22 13:46:11.248 - INFO: length: 10
2025-05-22 13:46:11.249 - INFO: page: 1
2025-05-22 13:46:11.251 - INFO: searchValue: 
2025-05-22 13:46:11.251 - INFO: vtahun: 2025
2025-05-22 13:46:11.251 - INFO: voption: PROVINSI
2025-05-22 13:46:11.251 - INFO: vdata: TOTAL_SUMBER
2025-05-22 13:46:11.253 - INFO: all: false
2025-05-22 13:46:11.254 - INFO: orderColumnIndex: 0
2025-05-22 13:46:11.256 - INFO: orderDir: asc
2025-05-22 13:46:11.257 - INFO: Final orderBy: KD_PROV, orderDir: ASC
2025-05-22 13:46:59.277 - INFO: DEBUG: act = null
2025-05-22 13:46:59.277 - INFO: === prosesDataUtama Parameters ===
2025-05-22 13:46:59.277 - INFO: draw: 2
2025-05-22 13:46:59.277 - INFO: start: 0
2025-05-22 13:46:59.277 - INFO: length: 10
2025-05-22 13:46:59.277 - INFO: page: 1
2025-05-22 13:46:59.277 - INFO: searchValue: 
2025-05-22 13:46:59.277 - INFO: vtahun: 2025
2025-05-22 13:46:59.277 - INFO: voption: PROVINSI
2025-05-22 13:46:59.277 - INFO: vdata: TOTAL_SUMBER
2025-05-22 13:46:59.277 - INFO: all: false
2025-05-22 13:46:59.277 - INFO: orderColumnIndex: 0
2025-05-22 13:46:59.277 - INFO: orderDir: asc
2025-05-22 13:46:59.277 - INFO: Final orderBy: KD_PROV, orderDir: ASC
2025-05-22 13:48:19.299 - INFO: DEBUG: act = handleGetJenisLaporan
2025-05-22 13:48:19.300 - INFO: DEBUG: act = handleGetsumberdata
2025-05-22 13:48:19.323 - INFO: DEBUG: act = null
2025-05-22 13:48:19.324 - INFO: === prosesDataUtama Parameters ===
2025-05-22 13:48:19.324 - INFO: draw: 1
2025-05-22 13:48:19.324 - INFO: start: 0
2025-05-22 13:48:19.324 - INFO: length: 10
2025-05-22 13:48:19.325 - INFO: page: 1
2025-05-22 13:48:19.325 - INFO: searchValue: 
2025-05-22 13:48:19.325 - INFO: vtahun: 2025
2025-05-22 13:48:19.325 - INFO: voption: PROVINSI
2025-05-22 13:48:19.326 - INFO: vdata: TOTAL_SUMBER
2025-05-22 13:48:19.326 - INFO: all: false
2025-05-22 13:48:19.326 - INFO: orderColumnIndex: 0
2025-05-22 13:48:19.327 - INFO: orderDir: asc
2025-05-22 13:48:19.327 - INFO: Final orderBy: KD_PROV, orderDir: ASC
2025-05-22 13:48:21.966 - INFO: DEBUG: act = handleGetJenisLaporan
2025-05-22 13:48:21.966 - INFO: DEBUG: act = handleGetsumberdata
2025-05-22 13:48:21.988 - INFO: DEBUG: act = null
2025-05-22 13:48:21.989 - INFO: === prosesDataUtama Parameters ===
2025-05-22 13:48:21.990 - INFO: draw: 1
2025-05-22 13:48:21.990 - INFO: start: 0
2025-05-22 13:48:21.990 - INFO: length: 10
2025-05-22 13:48:21.991 - INFO: page: 1
2025-05-22 13:48:21.991 - INFO: searchValue: 
2025-05-22 13:48:21.991 - INFO: vtahun: 2025
2025-05-22 13:48:21.992 - INFO: voption: PROVINSI
2025-05-22 13:48:21.992 - INFO: vdata: TOTAL_SUMBER
2025-05-22 13:48:21.992 - INFO: all: false
2025-05-22 13:48:21.992 - INFO: orderColumnIndex: 0
2025-05-22 13:48:21.993 - INFO: orderDir: asc
2025-05-22 13:48:21.993 - INFO: Final orderBy: KD_PROV, orderDir: ASC
2025-05-22 13:50:04.780 - INFO: DEBUG: act = handleGetJenisLaporan
2025-05-22 13:50:04.797 - INFO: DEBUG: act = handleGetsumberdata
2025-05-22 13:50:04.824 - INFO: DEBUG: act = null
2025-05-22 13:50:04.824 - INFO: === prosesDataUtama Parameters ===
2025-05-22 13:50:04.824 - INFO: draw: 1
2025-05-22 13:50:04.824 - INFO: start: 0
2025-05-22 13:50:04.824 - INFO: length: 10
2025-05-22 13:50:04.824 - INFO: page: 1
2025-05-22 13:50:04.824 - INFO: searchValue: 
2025-05-22 13:50:04.824 - INFO: vtahun: 2025
2025-05-22 13:50:04.828 - INFO: voption: PROVINSI
2025-05-22 13:50:04.828 - INFO: vdata: TOTAL_SUMBER
2025-05-22 13:50:04.828 - INFO: all: false
2025-05-22 13:50:04.829 - INFO: orderColumnIndex: 0
2025-05-22 13:50:04.829 - INFO: orderDir: asc
2025-05-22 13:50:04.829 - INFO: Final orderBy: KD_PROV, orderDir: ASC
2025-05-22 14:02:20.951 - INFO: DEBUG: act = handleGetJenisLaporan
2025-05-22 14:02:20.951 - INFO: DEBUG: act = handleGetsumberdata
2025-05-22 14:02:21.000 - INFO: DEBUG: act = null
2025-05-22 14:02:21.000 - INFO: === prosesDataUtama Parameters ===
2025-05-22 14:02:21.001 - INFO: draw: 1
2025-05-22 14:02:21.001 - INFO: start: 0
2025-05-22 14:02:21.001 - INFO: length: 10
2025-05-22 14:02:21.001 - INFO: page: 1
2025-05-22 14:02:21.002 - INFO: searchValue: 
2025-05-22 14:02:21.005 - INFO: vtahun: 2025
2025-05-22 14:02:21.007 - INFO: voption: PROVINSI
2025-05-22 14:02:21.008 - INFO: vdata: TOTAL_SUMBER
2025-05-22 14:02:21.009 - INFO: all: false
2025-05-22 14:02:21.009 - INFO: orderColumnIndex: 0
2025-05-22 14:02:21.009 - INFO: orderDir: asc
2025-05-22 14:02:21.010 - INFO: Final orderBy: KD_PROV, orderDir: ASC
2025-05-22 14:07:06.650 - INFO: DEBUG: act = handleGetJenisLaporan
2025-05-22 14:07:06.651 - INFO: DEBUG: act = handleGetsumberdata
2025-05-22 14:07:06.677 - INFO: DEBUG: act = null
2025-05-22 14:07:06.678 - INFO: === prosesDataUtama Parameters ===
2025-05-22 14:07:06.678 - INFO: draw: 1
2025-05-22 14:07:06.678 - INFO: start: 0
2025-05-22 14:07:06.679 - INFO: length: 10
2025-05-22 14:07:06.679 - INFO: page: 1
2025-05-22 14:07:06.679 - INFO: searchValue: 
2025-05-22 14:07:06.679 - INFO: vtahun: 2025
2025-05-22 14:07:06.680 - INFO: voption: PROVINSI
2025-05-22 14:07:06.680 - INFO: vdata: TOTAL_SUMBER
2025-05-22 14:07:06.680 - INFO: all: false
2025-05-22 14:07:06.681 - INFO: orderColumnIndex: 0
2025-05-22 14:07:06.681 - INFO: orderDir: asc
2025-05-22 14:07:06.681 - INFO: Final orderBy: KD_PROV, orderDir: ASC
2025-05-22 14:07:45.268 - INFO: DEBUG: act = handleGetJenisLaporan
2025-05-22 14:07:45.268 - INFO: DEBUG: act = handleGetsumberdata
2025-05-22 14:07:45.296 - INFO: DEBUG: act = null
2025-05-22 14:07:45.297 - INFO: === prosesDataUtama Parameters ===
2025-05-22 14:07:45.297 - INFO: draw: 1
2025-05-22 14:07:45.297 - INFO: start: 0
2025-05-22 14:07:45.297 - INFO: length: 10
2025-05-22 14:07:45.298 - INFO: page: 1
2025-05-22 14:07:45.298 - INFO: searchValue: 
2025-05-22 14:07:45.298 - INFO: vtahun: 2025
2025-05-22 14:07:45.298 - INFO: voption: PROVINSI
2025-05-22 14:07:45.299 - INFO: vdata: TOTAL_SUMBER
2025-05-22 14:07:45.299 - INFO: all: false
2025-05-22 14:07:45.299 - INFO: orderColumnIndex: 0
2025-05-22 14:07:45.299 - INFO: orderDir: asc
2025-05-22 14:07:45.300 - INFO: Final orderBy: KD_PROV, orderDir: ASC
2025-05-22 14:08:27.025 - INFO: DEBUG: act = null
2025-05-22 14:08:27.025 - INFO: === prosesDataUtama Parameters ===
2025-05-22 14:08:27.025 - INFO: draw: 2
2025-05-22 14:08:27.025 - INFO: start: 0
2025-05-22 14:08:27.025 - INFO: length: 10
2025-05-22 14:08:27.025 - INFO: page: 1
2025-05-22 14:08:27.025 - INFO: searchValue: 
2025-05-22 14:08:27.025 - INFO: vtahun: 2025
2025-05-22 14:08:27.025 - INFO: voption: PROVINSI
2025-05-22 14:08:27.025 - INFO: vdata: NIK_BLM_VALID
2025-05-22 14:08:27.025 - INFO: all: false
2025-05-22 14:08:27.025 - INFO: orderColumnIndex: 0
2025-05-22 14:08:27.025 - INFO: orderDir: asc
2025-05-22 14:08:27.040 - INFO: Final orderBy: KD_PROV, orderDir: ASC
2025-05-22 14:08:29.105 - INFO: DEBUG: act = null
2025-05-22 14:08:29.105 - INFO: === prosesDataUtama Parameters ===
2025-05-22 14:08:29.105 - INFO: draw: 3
2025-05-22 14:08:29.105 - INFO: start: 0
2025-05-22 14:08:29.105 - INFO: length: 10
2025-05-22 14:08:29.105 - INFO: page: 1
2025-05-22 14:08:29.105 - INFO: searchValue: 
2025-05-22 14:08:29.105 - INFO: vtahun: 2025
2025-05-22 14:08:29.105 - INFO: voption: PROVINSI
2025-05-22 14:08:29.105 - INFO: vdata: TOTAL_SUMBER
2025-05-22 14:08:29.105 - INFO: all: false
2025-05-22 14:08:29.105 - INFO: orderColumnIndex: 0
2025-05-22 14:08:29.105 - INFO: orderDir: asc
2025-05-22 14:08:29.105 - INFO: Final orderBy: KD_PROV, orderDir: ASC
2025-05-22 14:08:33.071 - INFO: DEBUG: act = null
2025-05-22 14:08:33.071 - INFO: === prosesDataUtama Parameters ===
2025-05-22 14:08:33.071 - INFO: draw: 1
2025-05-22 14:08:33.071 - INFO: start: 0
2025-05-22 14:08:33.071 - INFO: length: 2147483647
2025-05-22 14:08:33.071 - INFO: page: 1
2025-05-22 14:08:33.071 - INFO: searchValue: 
2025-05-22 14:08:33.071 - INFO: vtahun: 2025
2025-05-22 14:08:33.071 - INFO: voption: PROVINSI
2025-05-22 14:08:33.071 - INFO: vdata: TOTAL_SUMBER
2025-05-22 14:08:33.071 - INFO: all: true
2025-05-22 14:08:33.071 - INFO: orderColumnIndex: null
2025-05-22 14:08:33.071 - INFO: orderDir: asc
2025-05-22 14:08:33.071 - INFO: Final orderBy: KD_PROV, orderDir: ASC
2025-05-22 14:08:56.454 - INFO: DEBUG: act = null
2025-05-22 14:08:56.454 - INFO: === prosesDataUtama Parameters ===
2025-05-22 14:08:56.454 - INFO: draw: 1
2025-05-22 14:08:56.454 - INFO: start: 0
2025-05-22 14:08:56.454 - INFO: length: 2147483647
2025-05-22 14:08:56.454 - INFO: page: 1
2025-05-22 14:08:56.454 - INFO: searchValue: 
2025-05-22 14:08:56.454 - INFO: vtahun: 2025
2025-05-22 14:08:56.454 - INFO: voption: PROVINSI
2025-05-22 14:08:56.454 - INFO: vdata: TOTAL_SUMBER
2025-05-22 14:08:56.454 - INFO: all: true
2025-05-22 14:08:56.454 - INFO: orderColumnIndex: null
2025-05-22 14:08:56.454 - INFO: orderDir: asc
2025-05-22 14:08:56.454 - INFO: Final orderBy: KD_PROV, orderDir: ASC
2025-05-22 14:10:03.425 - INFO: DEBUG: act = null
2025-05-22 14:10:03.425 - INFO: === prosesDataUtama Parameters ===
2025-05-22 14:10:03.425 - INFO: draw: 1
2025-05-22 14:10:03.425 - INFO: start: 0
2025-05-22 14:10:03.425 - INFO: length: 2147483647
2025-05-22 14:10:03.426 - INFO: page: 1
2025-05-22 14:10:03.426 - INFO: searchValue: 
2025-05-22 14:10:03.426 - INFO: vtahun: 2025
2025-05-22 14:10:03.430 - INFO: voption: PROVINSI
2025-05-22 14:10:03.431 - INFO: vdata: TOTAL_SUMBER
2025-05-22 14:10:03.432 - INFO: all: true
2025-05-22 14:10:03.432 - INFO: orderColumnIndex: null
2025-05-22 14:10:03.432 - INFO: orderDir: asc
2025-05-22 14:10:03.432 - INFO: Final orderBy: KD_PROV, orderDir: ASC
2025-05-22 14:12:54.965 - INFO: DEBUG: act = handleGetJenisLaporan
2025-05-22 14:12:54.966 - INFO: DEBUG: act = handleGetsumberdata
2025-05-22 14:12:54.992 - INFO: DEBUG: act = null
2025-05-22 14:12:54.992 - INFO: === prosesDataUtama Parameters ===
2025-05-22 14:12:54.993 - INFO: draw: 1
2025-05-22 14:12:54.993 - INFO: start: 0
2025-05-22 14:12:54.993 - INFO: length: 10
2025-05-22 14:12:54.993 - INFO: page: 1
2025-05-22 14:12:54.994 - INFO: searchValue: 
2025-05-22 14:12:54.994 - INFO: vtahun: 2025
2025-05-22 14:12:54.994 - INFO: voption: PROVINSI
2025-05-22 14:12:54.994 - INFO: vdata: TOTAL_SUMBER
2025-05-22 14:12:54.994 - INFO: all: false
2025-05-22 14:12:54.995 - INFO: orderColumnIndex: 0
2025-05-22 14:12:54.995 - INFO: orderDir: asc
2025-05-22 14:12:54.996 - INFO: Final orderBy: KD_PROV, orderDir: ASC
2025-05-22 14:13:00.952 - INFO: DEBUG: act = null
2025-05-22 14:13:00.952 - INFO: === prosesDataUtama Parameters ===
2025-05-22 14:13:00.952 - INFO: draw: 1
2025-05-22 14:13:00.952 - INFO: start: 0
2025-05-22 14:13:00.952 - INFO: length: 2147483647
2025-05-22 14:13:00.952 - INFO: page: 1
2025-05-22 14:13:00.952 - INFO: searchValue: 
2025-05-22 14:13:00.952 - INFO: vtahun: 2025
2025-05-22 14:13:00.952 - INFO: voption: PROVINSI
2025-05-22 14:13:00.952 - INFO: vdata: TOTAL_SUMBER
2025-05-22 14:13:00.952 - INFO: all: true
2025-05-22 14:13:00.952 - INFO: orderColumnIndex: null
2025-05-22 14:13:00.952 - INFO: orderDir: asc
2025-05-22 14:13:00.952 - INFO: Final orderBy: KD_PROV, orderDir: ASC
2025-05-22 14:13:49.188 - INFO: DEBUG: act = null
2025-05-22 14:13:49.188 - INFO: === prosesDataUtama Parameters ===
2025-05-22 14:13:49.188 - INFO: draw: 2
2025-05-22 14:13:49.188 - INFO: start: 0
2025-05-22 14:13:49.188 - INFO: length: 10
2025-05-22 14:13:49.188 - INFO: page: 1
2025-05-22 14:13:49.188 - INFO: searchValue: 
2025-05-22 14:13:49.188 - INFO: vtahun: 2025
2025-05-22 14:13:49.199 - INFO: voption: PROVINSI
2025-05-22 14:13:49.199 - INFO: vdata: NIK_VALID
2025-05-22 14:13:49.199 - INFO: all: false
2025-05-22 14:13:49.199 - INFO: orderColumnIndex: 0
2025-05-22 14:13:49.199 - INFO: orderDir: asc
2025-05-22 14:13:49.199 - INFO: Final orderBy: KD_PROV, orderDir: ASC
2025-05-22 14:13:50.554 - INFO: DEBUG: act = null
2025-05-22 14:13:50.554 - INFO: === prosesDataUtama Parameters ===
2025-05-22 14:13:50.554 - INFO: draw: 3
2025-05-22 14:13:50.554 - INFO: start: 0
2025-05-22 14:13:50.554 - INFO: length: 10
2025-05-22 14:13:50.554 - INFO: page: 1
2025-05-22 14:13:50.554 - INFO: searchValue: 
2025-05-22 14:13:50.554 - INFO: vtahun: 2025
2025-05-22 14:13:50.554 - INFO: voption: PROVINSI
2025-05-22 14:13:50.554 - INFO: vdata: NIK_VALID
2025-05-22 14:13:50.554 - INFO: all: false
2025-05-22 14:13:50.554 - INFO: orderColumnIndex: 0
2025-05-22 14:13:50.554 - INFO: orderDir: asc
2025-05-22 14:13:50.554 - INFO: Final orderBy: KD_PROV, orderDir: ASC
2025-05-22 14:13:52.620 - INFO: DEBUG: act = null
2025-05-22 14:13:52.620 - INFO: === prosesDataUtama Parameters ===
2025-05-22 14:13:52.620 - INFO: draw: 4
2025-05-22 14:13:52.630 - INFO: start: 0
2025-05-22 14:13:52.630 - INFO: length: 10
2025-05-22 14:13:52.630 - INFO: page: 1
2025-05-22 14:13:52.630 - INFO: searchValue: 
2025-05-22 14:13:52.630 - INFO: vtahun: 2025
2025-05-22 14:13:52.630 - INFO: voption: PROVINSI
2025-05-22 14:13:52.630 - INFO: vdata: NIK_BLM_VALID
2025-05-22 14:13:52.630 - INFO: all: false
2025-05-22 14:13:52.630 - INFO: orderColumnIndex: 0
2025-05-22 14:13:52.630 - INFO: orderDir: asc
2025-05-22 14:13:52.630 - INFO: Final orderBy: KD_PROV, orderDir: ASC
2025-05-22 14:13:53.306 - INFO: DEBUG: act = null
2025-05-22 14:13:53.306 - INFO: === prosesDataUtama Parameters ===
2025-05-22 14:13:53.306 - INFO: draw: 5
2025-05-22 14:13:53.306 - INFO: start: 0
2025-05-22 14:13:53.306 - INFO: length: 10
2025-05-22 14:13:53.306 - INFO: page: 1
2025-05-22 14:13:53.306 - INFO: searchValue: 
2025-05-22 14:13:53.306 - INFO: vtahun: 2025
2025-05-22 14:13:53.306 - INFO: voption: PROVINSI
2025-05-22 14:13:53.306 - INFO: vdata: NIK_BLM_VALID
2025-05-22 14:13:53.306 - INFO: all: false
2025-05-22 14:13:53.306 - INFO: orderColumnIndex: 0
2025-05-22 14:13:53.306 - INFO: orderDir: asc
2025-05-22 14:13:53.306 - INFO: Final orderBy: KD_PROV, orderDir: ASC
2025-05-22 14:13:55.340 - INFO: DEBUG: act = null
2025-05-22 14:13:55.340 - INFO: === prosesDataUtama Parameters ===
2025-05-22 14:13:55.340 - INFO: draw: 1
2025-05-22 14:13:55.340 - INFO: start: 0
2025-05-22 14:13:55.340 - INFO: length: 2147483647
2025-05-22 14:13:55.340 - INFO: page: 1
2025-05-22 14:13:55.340 - INFO: searchValue: 
2025-05-22 14:13:55.340 - INFO: vtahun: 2025
2025-05-22 14:13:55.340 - INFO: voption: PROVINSI
2025-05-22 14:13:55.340 - INFO: vdata: NIK_BLM_VALID
2025-05-22 14:13:55.340 - INFO: all: true
2025-05-22 14:13:55.340 - INFO: orderColumnIndex: null
2025-05-22 14:13:55.340 - INFO: orderDir: asc
2025-05-22 14:13:55.356 - INFO: Final orderBy: KD_PROV, orderDir: ASC
2025-05-22 14:16:52.181 - INFO: DEBUG: act = handleGetJenisLaporan
2025-05-22 14:16:52.181 - INFO: DEBUG: act = handleGetsumberdata
2025-05-22 14:16:52.198 - INFO: DEBUG: act = null
2025-05-22 14:16:52.199 - INFO: === prosesDataUtama Parameters ===
2025-05-22 14:16:52.199 - INFO: draw: 1
2025-05-22 14:16:52.199 - INFO: start: 0
2025-05-22 14:16:52.199 - INFO: length: 10
2025-05-22 14:16:52.199 - INFO: page: 1
2025-05-22 14:16:52.199 - INFO: searchValue: 
2025-05-22 14:16:52.200 - INFO: vtahun: 2025
2025-05-22 14:16:52.200 - INFO: voption: PROVINSI
2025-05-22 14:16:52.200 - INFO: vdata: TOTAL_SUMBER
2025-05-22 14:16:52.200 - INFO: all: false
2025-05-22 14:16:52.200 - INFO: orderColumnIndex: 0
2025-05-22 14:16:52.200 - INFO: orderDir: asc
2025-05-22 14:16:52.201 - INFO: Final orderBy: KD_PROV, orderDir: ASC
2025-05-22 14:16:57.646 - INFO: DEBUG: act = null
2025-05-22 14:16:57.646 - INFO: === prosesDataUtama Parameters ===
2025-05-22 14:16:57.646 - INFO: draw: 1
2025-05-22 14:16:57.646 - INFO: start: 0
2025-05-22 14:16:57.646 - INFO: length: 2147483647
2025-05-22 14:16:57.646 - INFO: page: 1
2025-05-22 14:16:57.646 - INFO: searchValue: 
2025-05-22 14:16:57.646 - INFO: vtahun: 2025
2025-05-22 14:16:57.646 - INFO: voption: PROVINSI
2025-05-22 14:16:57.646 - INFO: vdata: TOTAL_SUMBER
2025-05-22 14:16:57.646 - INFO: all: true
2025-05-22 14:16:57.646 - INFO: orderColumnIndex: null
2025-05-22 14:16:57.646 - INFO: orderDir: asc
2025-05-22 14:16:57.646 - INFO: Final orderBy: KD_PROV, orderDir: ASC
2025-05-22 14:17:31.847 - INFO: DEBUG: act = handleGetJenisLaporan
2025-05-22 14:17:31.848 - INFO: DEBUG: act = handleGetsumberdata
2025-05-22 14:17:31.875 - INFO: DEBUG: act = null
2025-05-22 14:17:31.876 - INFO: === prosesDataUtama Parameters ===
2025-05-22 14:17:31.877 - INFO: draw: 1
2025-05-22 14:17:31.878 - INFO: start: 0
2025-05-22 14:17:31.878 - INFO: length: 10
2025-05-22 14:17:31.878 - INFO: page: 1
2025-05-22 14:17:31.878 - INFO: searchValue: 
2025-05-22 14:17:31.878 - INFO: vtahun: 2025
2025-05-22 14:17:31.878 - INFO: voption: PROVINSI
2025-05-22 14:17:31.878 - INFO: vdata: TOTAL_SUMBER
2025-05-22 14:17:31.880 - INFO: all: false
2025-05-22 14:17:31.880 - INFO: orderColumnIndex: 0
2025-05-22 14:17:31.880 - INFO: orderDir: asc
2025-05-22 14:17:31.880 - INFO: Final orderBy: KD_PROV, orderDir: ASC
2025-05-22 14:18:24.716 - INFO: DEBUG: act = null
2025-05-22 14:18:24.716 - INFO: === prosesDataUtama Parameters ===
2025-05-22 14:18:24.716 - INFO: draw: 2
2025-05-22 14:18:24.716 - INFO: start: 0
2025-05-22 14:18:24.716 - INFO: length: 10
2025-05-22 14:18:24.716 - INFO: page: 1
2025-05-22 14:18:24.716 - INFO: searchValue: 
2025-05-22 14:18:24.716 - INFO: vtahun: 2025
2025-05-22 14:18:24.716 - INFO: voption: PROVINSI
2025-05-22 14:18:24.716 - INFO: vdata: NIK_BLM_VALID
2025-05-22 14:18:24.716 - INFO: all: false
2025-05-22 14:18:24.716 - INFO: orderColumnIndex: 0
2025-05-22 14:18:24.716 - INFO: orderDir: asc
2025-05-22 14:18:24.716 - INFO: Final orderBy: KD_PROV, orderDir: ASC
2025-05-22 14:18:25.693 - INFO: DEBUG: act = null
2025-05-22 14:18:25.693 - INFO: === prosesDataUtama Parameters ===
2025-05-22 14:18:25.693 - INFO: draw: 3
2025-05-22 14:18:25.693 - INFO: start: 0
2025-05-22 14:18:25.693 - INFO: length: 10
2025-05-22 14:18:25.693 - INFO: page: 1
2025-05-22 14:18:25.693 - INFO: searchValue: 
2025-05-22 14:18:25.693 - INFO: vtahun: 2025
2025-05-22 14:18:25.693 - INFO: voption: PROVINSI
2025-05-22 14:18:25.693 - INFO: vdata: NIK_BLM_VALID
2025-05-22 14:18:25.693 - INFO: all: false
2025-05-22 14:18:25.693 - INFO: orderColumnIndex: 0
2025-05-22 14:18:25.693 - INFO: orderDir: asc
2025-05-22 14:18:25.693 - INFO: Final orderBy: KD_PROV, orderDir: ASC
2025-05-22 14:18:27.418 - INFO: DEBUG: act = null
2025-05-22 14:18:27.418 - INFO: === prosesDataUtama Parameters ===
2025-05-22 14:18:27.418 - INFO: draw: 1
2025-05-22 14:18:27.419 - INFO: start: 0
2025-05-22 14:18:27.419 - INFO: length: 2147483647
2025-05-22 14:18:27.419 - INFO: page: 1
2025-05-22 14:18:27.419 - INFO: searchValue: 
2025-05-22 14:18:27.419 - INFO: vtahun: 2025
2025-05-22 14:18:27.419 - INFO: voption: PROVINSI
2025-05-22 14:18:27.421 - INFO: vdata: NIK_BLM_VALID
2025-05-22 14:18:27.421 - INFO: all: true
2025-05-22 14:18:27.421 - INFO: orderColumnIndex: null
2025-05-22 14:18:27.421 - INFO: orderDir: asc
2025-05-22 14:18:27.421 - INFO: Final orderBy: KD_PROV, orderDir: ASC
2025-05-22 14:18:41.753 - INFO: DEBUG: act = null
2025-05-22 14:18:41.753 - INFO: === prosesDataUtama Parameters ===
2025-05-22 14:18:41.753 - INFO: draw: 1
2025-05-22 14:18:41.753 - INFO: start: 0
2025-05-22 14:18:41.753 - INFO: length: 2147483647
2025-05-22 14:18:41.753 - INFO: page: 1
2025-05-22 14:18:41.769 - INFO: searchValue: 
2025-05-22 14:18:41.769 - INFO: vtahun: 2025
2025-05-22 14:18:41.769 - INFO: voption: PROVINSI
2025-05-22 14:18:41.769 - INFO: vdata: NIK_BLM_VALID
2025-05-22 14:18:41.769 - INFO: all: true
2025-05-22 14:18:41.769 - INFO: orderColumnIndex: null
2025-05-22 14:18:41.769 - INFO: orderDir: asc
2025-05-22 14:18:41.769 - INFO: Final orderBy: KD_PROV, orderDir: ASC
2025-05-22 14:18:57.354 - INFO: DEBUG: act = null
2025-05-22 14:18:57.354 - INFO: === prosesDataUtama Parameters ===
2025-05-22 14:18:57.354 - INFO: draw: 4
2025-05-22 14:18:57.354 - INFO: start: 0
2025-05-22 14:18:57.354 - INFO: length: 10
2025-05-22 14:18:57.354 - INFO: page: 1
2025-05-22 14:18:57.354 - INFO: searchValue: 
2025-05-22 14:18:57.354 - INFO: vtahun: 2025
2025-05-22 14:18:57.354 - INFO: voption: PROVINSI
2025-05-22 14:18:57.354 - INFO: vdata: TOTAL_SUMBER
2025-05-22 14:18:57.354 - INFO: all: false
2025-05-22 14:18:57.354 - INFO: orderColumnIndex: 0
2025-05-22 14:18:57.354 - INFO: orderDir: asc
2025-05-22 14:18:57.354 - INFO: Final orderBy: KD_PROV, orderDir: ASC
2025-05-22 14:18:58.296 - INFO: DEBUG: act = null
2025-05-22 14:18:58.296 - INFO: === prosesDataUtama Parameters ===
2025-05-22 14:18:58.296 - INFO: draw: 5
2025-05-22 14:18:58.296 - INFO: start: 0
2025-05-22 14:18:58.296 - INFO: length: 10
2025-05-22 14:18:58.296 - INFO: page: 1
2025-05-22 14:18:58.296 - INFO: searchValue: 
2025-05-22 14:18:58.296 - INFO: vtahun: 2025
2025-05-22 14:18:58.296 - INFO: voption: PROVINSI
2025-05-22 14:18:58.296 - INFO: vdata: TOTAL_SUMBER
2025-05-22 14:18:58.296 - INFO: all: false
2025-05-22 14:18:58.296 - INFO: orderColumnIndex: 0
2025-05-22 14:18:58.296 - INFO: orderDir: asc
2025-05-22 14:18:58.296 - INFO: Final orderBy: KD_PROV, orderDir: ASC
2025-05-22 14:19:46.088 - INFO: DEBUG: act = null
2025-05-22 14:19:46.088 - INFO: === prosesDataUtama Parameters ===
2025-05-22 14:19:46.088 - INFO: draw: 6
2025-05-22 14:19:46.088 - INFO: start: 0
2025-05-22 14:19:46.089 - INFO: length: 10
2025-05-22 14:19:46.089 - INFO: page: 1
2025-05-22 14:19:46.089 - INFO: searchValue: 
2025-05-22 14:19:46.090 - INFO: vtahun: 2025
2025-05-22 14:19:46.090 - INFO: voption: UPI
2025-05-22 14:19:46.090 - INFO: vdata: TOTAL_SUMBER
2025-05-22 14:19:46.090 - INFO: all: false
2025-05-22 14:19:46.091 - INFO: orderColumnIndex: 0
2025-05-22 14:19:46.091 - INFO: orderDir: asc
2025-05-22 14:19:46.091 - INFO: Final orderBy: UNITUPI, orderDir: ASC
2025-05-22 14:19:47.038 - INFO: DEBUG: act = null
2025-05-22 14:19:47.039 - INFO: === prosesDataUtama Parameters ===
2025-05-22 14:19:47.039 - INFO: draw: 7
2025-05-22 14:19:47.040 - INFO: start: 0
2025-05-22 14:19:47.040 - INFO: length: 10
2025-05-22 14:19:47.040 - INFO: page: 1
2025-05-22 14:19:47.040 - INFO: searchValue: 
2025-05-22 14:19:47.041 - INFO: vtahun: 2025
2025-05-22 14:19:47.041 - INFO: voption: UPI
2025-05-22 14:19:47.041 - INFO: vdata: TOTAL_SUMBER
2025-05-22 14:19:47.041 - INFO: all: false
2025-05-22 14:19:47.041 - INFO: orderColumnIndex: 0
2025-05-22 14:19:47.042 - INFO: orderDir: asc
2025-05-22 14:19:47.042 - INFO: Final orderBy: UNITUPI, orderDir: ASC
2025-05-22 14:20:01.253 - INFO: DEBUG: act = null
2025-05-22 14:20:01.253 - INFO: === prosesDataUtama Parameters ===
2025-05-22 14:20:01.253 - INFO: draw: 8
2025-05-22 14:20:01.253 - INFO: start: 0
2025-05-22 14:20:01.253 - INFO: length: 10
2025-05-22 14:20:01.253 - INFO: page: 1
2025-05-22 14:20:01.253 - INFO: searchValue: 
2025-05-22 14:20:01.253 - INFO: vtahun: 2025
2025-05-22 14:20:01.253 - INFO: voption: PROVINSI
2025-05-22 14:20:01.253 - INFO: vdata: TOTAL_SUMBER
2025-05-22 14:20:01.253 - INFO: all: false
2025-05-22 14:20:01.253 - INFO: orderColumnIndex: 0
2025-05-22 14:20:01.253 - INFO: orderDir: asc
2025-05-22 14:20:01.253 - INFO: Final orderBy: KD_PROV, orderDir: ASC
2025-05-22 14:20:02.449 - INFO: DEBUG: act = null
2025-05-22 14:20:02.449 - INFO: === prosesDataUtama Parameters ===
2025-05-22 14:20:02.449 - INFO: draw: 9
2025-05-22 14:20:02.449 - INFO: start: 0
2025-05-22 14:20:02.449 - INFO: length: 10
2025-05-22 14:20:02.449 - INFO: page: 1
2025-05-22 14:20:02.449 - INFO: searchValue: 
2025-05-22 14:20:02.449 - INFO: vtahun: 2025
2025-05-22 14:20:02.449 - INFO: voption: PROVINSI
2025-05-22 14:20:02.449 - INFO: vdata: TOTAL_SUMBER
2025-05-22 14:20:02.449 - INFO: all: false
2025-05-22 14:20:02.449 - INFO: orderColumnIndex: 0
2025-05-22 14:20:02.449 - INFO: orderDir: asc
2025-05-22 14:20:02.449 - INFO: Final orderBy: KD_PROV, orderDir: ASC
2025-05-22 14:39:03.604 - INFO: DEBUG: act = handleGetJenisLaporan
2025-05-22 14:39:03.604 - INFO: DEBUG: act = handleGetsumberdata
2025-05-22 14:39:03.616 - INFO: DEBUG: act = null
2025-05-22 14:39:03.616 - INFO: === prosesDataUtama Parameters ===
2025-05-22 14:39:03.616 - INFO: draw: 1
2025-05-22 14:39:03.616 - INFO: start: 0
2025-05-22 14:39:03.617 - INFO: length: 10
2025-05-22 14:39:03.617 - INFO: page: 1
2025-05-22 14:39:03.617 - INFO: searchValue: 
2025-05-22 14:39:03.617 - INFO: vtahun: 2025
2025-05-22 14:39:03.617 - INFO: voption: PROVINSI
2025-05-22 14:39:03.618 - INFO: vdata: TOTAL_SUMBER
2025-05-22 14:39:03.618 - INFO: all: false
2025-05-22 14:39:03.618 - INFO: orderColumnIndex: 0
2025-05-22 14:39:03.618 - INFO: orderDir: asc
2025-05-22 14:39:03.618 - INFO: Final orderBy: KD_PROV, orderDir: ASC
2025-05-22 14:44:01.890 - INFO: DEBUG: act = handleGetJenisLaporan
2025-05-22 14:44:01.890 - INFO: DEBUG: act = handleGetsumberdata
2025-05-22 14:44:01.922 - INFO: DEBUG: act = null
2025-05-22 14:44:01.922 - INFO: === prosesDataUtama Parameters ===
2025-05-22 14:44:01.922 - INFO: draw: 1
2025-05-22 14:44:01.923 - INFO: start: 0
2025-05-22 14:44:01.923 - INFO: length: 10
2025-05-22 14:44:01.923 - INFO: page: 1
2025-05-22 14:44:01.923 - INFO: searchValue: 
2025-05-22 14:44:01.923 - INFO: vtahun: 2025
2025-05-22 14:44:01.924 - INFO: voption: PROVINSI
2025-05-22 14:44:01.924 - INFO: vdata: TOTAL_SUMBER
2025-05-22 14:44:01.924 - INFO: all: false
2025-05-22 14:44:01.924 - INFO: orderColumnIndex: 0
2025-05-22 14:44:01.924 - INFO: orderDir: asc
2025-05-22 14:44:01.925 - INFO: Final orderBy: KD_PROV, orderDir: ASC
2025-05-22 14:44:25.374 - INFO: DEBUG: act = handleGetJenisLaporan
2025-05-22 14:44:25.382 - INFO: DEBUG: act = handleGetsumberdata
2025-05-22 14:44:25.411 - INFO: DEBUG: act = null
2025-05-22 14:44:25.412 - INFO: === prosesDataUtama Parameters ===
2025-05-22 14:44:25.412 - INFO: draw: 1
2025-05-22 14:44:25.412 - INFO: start: 0
2025-05-22 14:44:25.412 - INFO: length: 10
2025-05-22 14:44:25.413 - INFO: page: 1
2025-05-22 14:44:25.413 - INFO: searchValue: 
2025-05-22 14:44:25.413 - INFO: vtahun: 2025
2025-05-22 14:44:25.413 - INFO: voption: PROVINSI
2025-05-22 14:44:25.413 - INFO: vdata: TOTAL_SUMBER
2025-05-22 14:44:25.414 - INFO: all: false
2025-05-22 14:44:25.414 - INFO: orderColumnIndex: 0
2025-05-22 14:44:25.417 - INFO: orderDir: asc
2025-05-22 14:44:25.417 - INFO: Final orderBy: KD_PROV, orderDir: ASC
2025-05-22 14:44:32.729 - INFO: DEBUG: act = null
2025-05-22 14:44:32.729 - INFO: === prosesDataUtama Parameters ===
2025-05-22 14:44:32.729 - INFO: draw: 1
2025-05-22 14:44:32.729 - INFO: start: 0
2025-05-22 14:44:32.729 - INFO: length: 2147483647
2025-05-22 14:44:32.729 - INFO: page: 1
2025-05-22 14:44:32.729 - INFO: searchValue: 
2025-05-22 14:44:32.729 - INFO: vtahun: 2025
2025-05-22 14:44:32.729 - INFO: voption: PROVINSI
2025-05-22 14:44:32.729 - INFO: vdata: TOTAL_SUMBER
2025-05-22 14:44:32.729 - INFO: all: true
2025-05-22 14:44:32.729 - INFO: orderColumnIndex: null
2025-05-22 14:44:32.729 - INFO: orderDir: asc
2025-05-22 14:44:32.729 - INFO: Final orderBy: KD_PROV, orderDir: ASC
2025-05-22 14:47:17.000 - INFO: DEBUG: act = handleGetJenisLaporan
2025-05-22 14:47:17.000 - INFO: DEBUG: act = handleGetsumberdata
2025-05-22 14:47:17.040 - INFO: DEBUG: act = null
2025-05-22 14:47:17.040 - INFO: === prosesDataUtama Parameters ===
2025-05-22 14:47:17.040 - INFO: draw: 1
2025-05-22 14:47:17.040 - INFO: start: 0
2025-05-22 14:47:17.040 - INFO: length: 10
2025-05-22 14:47:17.040 - INFO: page: 1
2025-05-22 14:47:17.040 - INFO: searchValue: 
2025-05-22 14:47:17.040 - INFO: vtahun: 2025
2025-05-22 14:47:17.040 - INFO: voption: PROVINSI
2025-05-22 14:47:17.040 - INFO: vdata: TOTAL_SUMBER
2025-05-22 14:47:17.046 - INFO: all: false
2025-05-22 14:47:17.046 - INFO: orderColumnIndex: 0
2025-05-22 14:47:17.046 - INFO: orderDir: asc
2025-05-22 14:47:17.046 - INFO: Final orderBy: KD_PROV, orderDir: ASC
2025-05-22 14:47:20.039 - INFO: DEBUG: act = null
2025-05-22 14:47:20.039 - INFO: === prosesDataUtama Parameters ===
2025-05-22 14:47:20.039 - INFO: draw: 1
2025-05-22 14:47:20.040 - INFO: start: 0
2025-05-22 14:47:20.040 - INFO: length: 2147483647
2025-05-22 14:47:20.040 - INFO: page: 1
2025-05-22 14:47:20.041 - INFO: searchValue: 
2025-05-22 14:47:20.041 - INFO: vtahun: 2025
2025-05-22 14:47:20.041 - INFO: voption: PROVINSI
2025-05-22 14:47:20.041 - INFO: vdata: TOTAL_SUMBER
2025-05-22 14:47:20.041 - INFO: all: true
2025-05-22 14:47:20.043 - INFO: orderColumnIndex: null
2025-05-22 14:47:20.043 - INFO: orderDir: asc
2025-05-22 14:47:20.043 - INFO: Final orderBy: KD_PROV, orderDir: ASC
2025-05-22 14:49:00.643 - INFO: DEBUG: act = null
2025-05-22 14:49:00.643 - INFO: === prosesDataUtama Parameters ===
2025-05-22 14:49:00.643 - INFO: draw: 2
2025-05-22 14:49:00.643 - INFO: start: 0
2025-05-22 14:49:00.643 - INFO: length: 10
2025-05-22 14:49:00.643 - INFO: page: 1
2025-05-22 14:49:00.643 - INFO: searchValue: i
2025-05-22 14:49:00.643 - INFO: vtahun: 2025
2025-05-22 14:49:00.643 - INFO: voption: PROVINSI
2025-05-22 14:49:00.643 - INFO: vdata: TOTAL_SUMBER
2025-05-22 14:49:00.643 - INFO: all: false
2025-05-22 14:49:00.643 - INFO: orderColumnIndex: 0
2025-05-22 14:49:00.643 - INFO: orderDir: asc
2025-05-22 14:49:00.643 - INFO: Final orderBy: KD_PROV, orderDir: ASC
2025-05-22 14:49:01.415 - INFO: DEBUG: act = null
2025-05-22 14:49:01.415 - INFO: === prosesDataUtama Parameters ===
2025-05-22 14:49:01.415 - INFO: draw: 3
2025-05-22 14:49:01.415 - INFO: start: 0
2025-05-22 14:49:01.415 - INFO: length: 10
2025-05-22 14:49:01.415 - INFO: page: 1
2025-05-22 14:49:01.415 - INFO: searchValue: il
2025-05-22 14:49:01.415 - INFO: vtahun: 2025
2025-05-22 14:49:01.415 - INFO: voption: PROVINSI
2025-05-22 14:49:01.415 - INFO: vdata: TOTAL_SUMBER
2025-05-22 14:49:01.415 - INFO: all: false
2025-05-22 14:49:01.415 - INFO: orderColumnIndex: 0
2025-05-22 14:49:01.415 - INFO: orderDir: asc
2025-05-22 14:49:01.415 - INFO: Final orderBy: KD_PROV, orderDir: ASC
2025-05-22 14:49:03.133 - INFO: DEBUG: act = null
2025-05-22 14:49:03.133 - INFO: === prosesDataUtama Parameters ===
2025-05-22 14:49:03.133 - INFO: draw: 4
2025-05-22 14:49:03.133 - INFO: start: 0
2025-05-22 14:49:03.133 - INFO: length: 10
2025-05-22 14:49:03.133 - INFO: page: 1
2025-05-22 14:49:03.133 - INFO: searchValue: i
2025-05-22 14:49:03.133 - INFO: vtahun: 2025
2025-05-22 14:49:03.133 - INFO: voption: PROVINSI
2025-05-22 14:49:03.133 - INFO: vdata: TOTAL_SUMBER
2025-05-22 14:49:03.133 - INFO: all: false
2025-05-22 14:49:03.149 - INFO: orderColumnIndex: 0
2025-05-22 14:49:03.149 - INFO: orderDir: asc
2025-05-22 14:49:03.149 - INFO: Final orderBy: KD_PROV, orderDir: ASC
2025-05-22 14:49:03.606 - INFO: DEBUG: act = null
2025-05-22 14:49:03.606 - INFO: === prosesDataUtama Parameters ===
2025-05-22 14:49:03.606 - INFO: draw: 5
2025-05-22 14:49:03.606 - INFO: start: 0
2025-05-22 14:49:03.606 - INFO: length: 10
2025-05-22 14:49:03.606 - INFO: page: 1
2025-05-22 14:49:03.606 - INFO: searchValue: 
2025-05-22 14:49:03.606 - INFO: vtahun: 2025
2025-05-22 14:49:03.606 - INFO: voption: PROVINSI
2025-05-22 14:49:03.606 - INFO: vdata: TOTAL_SUMBER
2025-05-22 14:49:03.606 - INFO: all: false
2025-05-22 14:49:03.606 - INFO: orderColumnIndex: 0
2025-05-22 14:49:03.606 - INFO: orderDir: asc
2025-05-22 14:49:03.606 - INFO: Final orderBy: KD_PROV, orderDir: ASC
2025-05-22 20:18:17.935 - INFO: DEBUG: act = handleGetJenisLaporan
2025-05-22 20:18:17.940 - INFO: DEBUG: act = null
2025-05-22 20:18:17.936 - INFO: DEBUG: act = handleGetsumberdata
2025-05-22 20:18:17.948 - INFO: === prosesDataUtama Parameters ===
2025-05-22 20:18:17.949 - INFO: draw: 1
2025-05-22 20:18:17.949 - INFO: start: 0
2025-05-22 20:18:17.950 - INFO: length: 10
2025-05-22 20:18:17.950 - INFO: page: 1
2025-05-22 20:18:17.952 - INFO: searchValue: 
2025-05-22 20:18:17.956 - INFO: vtahun: 2025
2025-05-22 20:18:17.960 - INFO: voption: PROVINSI
2025-05-22 20:18:17.963 - INFO: vdata: TOTAL_SUMBER
2025-05-22 20:18:17.964 - INFO: all: false
2025-05-22 20:18:17.965 - INFO: orderColumnIndex: 0
2025-05-22 20:18:17.966 - INFO: orderDir: asc
2025-05-22 20:18:17.967 - INFO: Final orderBy: KD_PROV, orderDir: ASC
2025-05-22 20:19:06.206 - INFO: DEBUG: act = null
2025-05-22 20:19:06.207 - INFO: === prosesDataUtama Parameters ===
2025-05-22 20:19:06.207 - INFO: draw: 1
2025-05-22 20:19:06.207 - INFO: start: 0
2025-05-22 20:19:06.208 - INFO: length: 2147483647
2025-05-22 20:19:06.208 - INFO: page: 1
2025-05-22 20:19:06.208 - INFO: searchValue: 
2025-05-22 20:19:06.208 - INFO: vtahun: 2025
2025-05-22 20:19:06.208 - INFO: voption: PROVINSI
2025-05-22 20:19:06.208 - INFO: vdata: TOTAL_SUMBER
2025-05-22 20:19:06.208 - INFO: all: true
2025-05-22 20:19:06.209 - INFO: orderColumnIndex: null
2025-05-22 20:19:06.209 - INFO: orderDir: asc
2025-05-22 20:19:06.209 - INFO: Final orderBy: KD_PROV, orderDir: ASC
2025-05-22 20:20:17.628 - INFO: DEBUG: act = handleGetsumberdata
2025-05-22 20:20:17.628 - INFO: DEBUG: act = handleGetJenisLaporan
2025-05-22 20:21:15.048 - INFO: DEBUG: act = handleGetJenisLaporan
2025-05-22 20:21:15.048 - INFO: DEBUG: act = handleGetsumberdata
2025-05-22 20:21:15.067 - INFO: DEBUG: act = null
2025-05-22 20:21:15.067 - INFO: === prosesDataUtama Parameters ===
2025-05-22 20:21:15.067 - INFO: draw: 1
2025-05-22 20:21:15.068 - INFO: start: 0
2025-05-22 20:21:15.068 - INFO: length: 10
2025-05-22 20:21:15.068 - INFO: page: 1
2025-05-22 20:21:15.068 - INFO: searchValue: 
2025-05-22 20:21:15.069 - INFO: vtahun: 2025
2025-05-22 20:21:15.069 - INFO: voption: PROVINSI
2025-05-22 20:21:15.069 - INFO: vdata: TOTAL_SUMBER
2025-05-22 20:21:15.069 - INFO: all: false
2025-05-22 20:21:15.070 - INFO: orderColumnIndex: 0
2025-05-22 20:21:15.070 - INFO: orderDir: asc
2025-05-22 20:21:15.070 - INFO: Final orderBy: KD_PROV, orderDir: ASC
2025-05-22 20:30:40.770 - INFO: DEBUG: act = handleGetJenisLaporan
2025-05-22 20:30:40.774 - INFO: DEBUG: act = null
2025-05-22 20:30:40.770 - INFO: DEBUG: act = handleGetsumberdata
2025-05-22 20:30:40.804 - INFO: === prosesDataUtama Parameters ===
2025-05-22 20:30:40.806 - INFO: draw: 1
2025-05-22 20:30:40.806 - INFO: start: 0
2025-05-22 20:30:40.807 - INFO: length: 10
2025-05-22 20:30:40.807 - INFO: page: 1
2025-05-22 20:30:40.807 - INFO: searchValue: 
2025-05-22 20:30:40.807 - INFO: vtahun: 2025
2025-05-22 20:30:40.808 - INFO: voption: PROVINSI
2025-05-22 20:30:40.808 - INFO: vdata: TOTAL_SUMBER
2025-05-22 20:30:40.809 - INFO: all: false
2025-05-22 20:30:40.809 - INFO: orderColumnIndex: 0
2025-05-22 20:30:40.809 - INFO: orderDir: asc
2025-05-22 20:30:40.809 - INFO: Final orderBy: KD_PROV, orderDir: ASC
2025-05-22 20:30:48.917 - INFO: DEBUG: act = null
2025-05-22 20:30:48.917 - INFO: === prosesDataUtama Parameters ===
2025-05-22 20:30:48.918 - INFO: draw: 2
2025-05-22 20:30:48.918 - INFO: start: 10
2025-05-22 20:30:48.918 - INFO: length: 10
2025-05-22 20:30:48.919 - INFO: page: 2
2025-05-22 20:30:48.919 - INFO: searchValue: 
2025-05-22 20:30:48.919 - INFO: vtahun: 2025
2025-05-22 20:30:48.920 - INFO: voption: PROVINSI
2025-05-22 20:30:48.920 - INFO: vdata: TOTAL_SUMBER
2025-05-22 20:30:48.921 - INFO: all: false
2025-05-22 20:30:48.921 - INFO: orderColumnIndex: 0
2025-05-22 20:30:48.922 - INFO: orderDir: asc
2025-05-22 20:30:48.922 - INFO: Final orderBy: KD_PROV, orderDir: ASC
2025-05-22 20:31:00.856 - INFO: DEBUG: act = null
2025-05-22 20:31:00.857 - INFO: === prosesDataUtama Parameters ===
2025-05-22 20:31:00.858 - INFO: draw: 3
2025-05-22 20:31:00.858 - INFO: start: 0
2025-05-22 20:31:00.859 - INFO: length: 10
2025-05-22 20:31:00.859 - INFO: page: 1
2025-05-22 20:31:00.860 - INFO: searchValue: 
2025-05-22 20:31:00.860 - INFO: vtahun: 2025
2025-05-22 20:31:00.860 - INFO: voption: PROVINSI
2025-05-22 20:31:00.862 - INFO: vdata: VERIFIKASI_DJK
2025-05-22 20:31:00.862 - INFO: all: false
2025-05-22 20:31:00.863 - INFO: orderColumnIndex: 0
2025-05-22 20:31:00.864 - INFO: orderDir: asc
2025-05-22 20:31:00.865 - INFO: Final orderBy: KD_PROV, orderDir: ASC
2025-05-22 20:31:06.045 - INFO: DEBUG: act = null
2025-05-22 20:31:06.045 - INFO: === prosesDataUtama Parameters ===
2025-05-22 20:31:06.047 - INFO: draw: 4
2025-05-22 20:31:06.047 - INFO: start: 0
2025-05-22 20:31:06.047 - INFO: length: 10
2025-05-22 20:31:06.050 - INFO: page: 1
2025-05-22 20:31:06.050 - INFO: searchValue: 
2025-05-22 20:31:06.051 - INFO: vtahun: 2025
2025-05-22 20:31:06.051 - INFO: voption: PROVINSI
2025-05-22 20:31:06.051 - INFO: vdata: BLM_VERIFIKASI_DJK
2025-05-22 20:31:06.051 - INFO: all: false
2025-05-22 20:31:06.053 - INFO: orderColumnIndex: 0
2025-05-22 20:31:06.053 - INFO: orderDir: asc
2025-05-22 20:31:06.054 - INFO: Final orderBy: KD_PROV, orderDir: ASC
2025-05-22 20:31:29.538 - INFO: DEBUG: act = handleGetJenisLaporan
2025-05-22 20:31:29.539 - INFO: DEBUG: act = handleGetsumberdata
2025-05-22 20:31:29.635 - INFO: DEBUG: act = null
2025-05-22 20:31:29.635 - INFO: === prosesDataUtama Parameters ===
2025-05-22 20:31:29.636 - INFO: draw: 1
2025-05-22 20:31:29.637 - INFO: start: 0
2025-05-22 20:31:29.637 - INFO: length: 10
2025-05-22 20:31:29.637 - INFO: page: 1
2025-05-22 20:31:29.638 - INFO: searchValue: 
2025-05-22 20:31:29.638 - INFO: vtahun: 2025
2025-05-22 20:31:29.639 - INFO: voption: PROVINSI
2025-05-22 20:31:29.639 - INFO: vdata: TOTAL_SUMBER
2025-05-22 20:31:29.639 - INFO: all: false
2025-05-22 20:31:29.639 - INFO: orderColumnIndex: 0
2025-05-22 20:31:29.640 - INFO: orderDir: asc
2025-05-22 20:31:29.640 - INFO: Final orderBy: KD_PROV, orderDir: ASC
2025-05-22 20:31:32.971 - INFO: DEBUG: act = handleGetJenisLaporan
2025-05-22 20:31:32.971 - INFO: DEBUG: act = handleGetsumberdata
2025-05-22 20:31:32.997 - INFO: DEBUG: act = null
2025-05-22 20:31:32.997 - INFO: === prosesDataUtama Parameters ===
2025-05-22 20:31:32.998 - INFO: draw: 1
2025-05-22 20:31:32.998 - INFO: start: 0
2025-05-22 20:31:32.998 - INFO: length: 10
2025-05-22 20:31:32.999 - INFO: page: 1
2025-05-22 20:31:32.999 - INFO: searchValue: 
2025-05-22 20:31:32.999 - INFO: vtahun: 2025
2025-05-22 20:31:32.999 - INFO: voption: PROVINSI
2025-05-22 20:31:33.000 - INFO: vdata: TOTAL_SUMBER
2025-05-22 20:31:33.000 - INFO: all: false
2025-05-22 20:31:33.000 - INFO: orderColumnIndex: 0
2025-05-22 20:31:33.000 - INFO: orderDir: asc
2025-05-22 20:31:33.001 - INFO: Final orderBy: KD_PROV, orderDir: ASC
2025-05-22 20:31:53.781 - INFO: DEBUG: act = handleGetJenisLaporan
2025-05-22 20:31:53.781 - INFO: DEBUG: act = handleGetsumberdata
2025-05-22 20:31:53.801 - INFO: DEBUG: act = null
2025-05-22 20:31:53.802 - INFO: === prosesDataUtama Parameters ===
2025-05-22 20:31:53.802 - INFO: draw: 1
2025-05-22 20:31:53.802 - INFO: start: 0
2025-05-22 20:31:53.802 - INFO: length: 10
2025-05-22 20:31:53.802 - INFO: page: 1
2025-05-22 20:31:53.803 - INFO: searchValue: 
2025-05-22 20:31:53.803 - INFO: vtahun: 2025
2025-05-22 20:31:53.803 - INFO: voption: PROVINSI
2025-05-22 20:31:53.803 - INFO: vdata: TOTAL_SUMBER
2025-05-22 20:31:53.804 - INFO: all: false
2025-05-22 20:31:53.804 - INFO: orderColumnIndex: 0
2025-05-22 20:31:53.805 - INFO: orderDir: asc
2025-05-22 20:31:53.805 - INFO: Final orderBy: KD_PROV, orderDir: ASC
2025-05-22 20:31:56.259 - INFO: DEBUG: act = null
2025-05-22 20:31:56.260 - INFO: === prosesDataUtama Parameters ===
2025-05-22 20:31:56.261 - INFO: draw: 2
2025-05-22 20:31:56.261 - INFO: start: 0
2025-05-22 20:31:56.262 - INFO: length: 10
2025-05-22 20:31:56.262 - INFO: page: 1
2025-05-22 20:31:56.263 - INFO: searchValue: 
2025-05-22 20:31:56.264 - INFO: vtahun: 2025
2025-05-22 20:31:56.264 - INFO: voption: PROVINSI
2025-05-22 20:31:56.265 - INFO: vdata: VERIFIKASI_DJK_MANUAL
2025-05-22 20:31:56.266 - INFO: all: false
2025-05-22 20:31:56.266 - INFO: orderColumnIndex: 0
2025-05-22 20:31:56.267 - INFO: orderDir: asc
2025-05-22 20:31:56.268 - INFO: Final orderBy: KD_PROV, orderDir: ASC
2025-05-22 20:33:05.332 - INFO: DEBUG: act = null
2025-05-22 20:33:05.333 - INFO: === prosesDataUtama Parameters ===
2025-05-22 20:33:05.334 - INFO: draw: 1
2025-05-22 20:33:05.334 - INFO: start: 0
2025-05-22 20:33:05.334 - INFO: length: 2147483647
2025-05-22 20:33:05.336 - INFO: page: 1
2025-05-22 20:33:05.337 - INFO: searchValue: 
2025-05-22 20:33:05.338 - INFO: vtahun: 2025
2025-05-22 20:33:05.339 - INFO: voption: PROVINSI
2025-05-22 20:33:05.340 - INFO: vdata: VERIFIKASI_DJK_MANUAL
2025-05-22 20:33:05.340 - INFO: all: true
2025-05-22 20:33:05.341 - INFO: orderColumnIndex: null
2025-05-22 20:33:05.342 - INFO: orderDir: asc
2025-05-22 20:33:05.343 - INFO: Final orderBy: KD_PROV, orderDir: ASC
2025-05-22 20:33:25.377 - INFO: DEBUG: act = null
2025-05-22 20:33:25.378 - INFO: === prosesDataUtama Parameters ===
2025-05-22 20:33:25.378 - INFO: draw: 3
2025-05-22 20:33:25.379 - INFO: start: 0
2025-05-22 20:33:25.380 - INFO: length: 10
2025-05-22 20:33:25.380 - INFO: page: 1
2025-05-22 20:33:25.381 - INFO: searchValue: 
2025-05-22 20:33:25.381 - INFO: vtahun: 2025
2025-05-22 20:33:25.382 - INFO: voption: PROVINSI
2025-05-22 20:33:25.383 - INFO: vdata: TOTAL_SUMBER
2025-05-22 20:33:25.383 - INFO: all: false
2025-05-22 20:33:25.384 - INFO: orderColumnIndex: 0
2025-05-22 20:33:25.385 - INFO: orderDir: asc
2025-05-22 20:33:25.385 - INFO: Final orderBy: KD_PROV, orderDir: ASC
2025-05-22 20:33:26.930 - INFO: DEBUG: act = null
2025-05-22 20:33:26.931 - INFO: === prosesDataUtama Parameters ===
2025-05-22 20:33:26.931 - INFO: draw: 1
2025-05-22 20:33:26.931 - INFO: start: 0
2025-05-22 20:33:26.931 - INFO: length: 2147483647
2025-05-22 20:33:26.932 - INFO: page: 1
2025-05-22 20:33:26.932 - INFO: searchValue: 
2025-05-22 20:33:26.932 - INFO: vtahun: 2025
2025-05-22 20:33:26.932 - INFO: voption: PROVINSI
2025-05-22 20:33:26.933 - INFO: vdata: TOTAL_SUMBER
2025-05-22 20:33:26.934 - INFO: all: true
2025-05-22 20:33:26.934 - INFO: orderColumnIndex: null
2025-05-22 20:33:26.935 - INFO: orderDir: asc
2025-05-22 20:33:26.935 - INFO: Final orderBy: KD_PROV, orderDir: ASC
2025-05-22 20:34:44.705 - INFO: DEBUG: act = null
2025-05-22 20:34:44.705 - INFO: === prosesDataUtama Parameters ===
2025-05-22 20:34:44.705 - INFO: draw: 4
2025-05-22 20:34:44.705 - INFO: start: 10
2025-05-22 20:34:44.706 - INFO: length: 10
2025-05-22 20:34:44.706 - INFO: page: 2
2025-05-22 20:34:44.706 - INFO: searchValue: 
2025-05-22 20:34:44.707 - INFO: vtahun: 2025
2025-05-22 20:34:44.707 - INFO: voption: PROVINSI
2025-05-22 20:34:44.708 - INFO: vdata: TOTAL_SUMBER
2025-05-22 20:34:44.708 - INFO: all: false
2025-05-22 20:34:44.708 - INFO: orderColumnIndex: 0
2025-05-22 20:34:44.708 - INFO: orderDir: asc
2025-05-22 20:34:44.708 - INFO: Final orderBy: KD_PROV, orderDir: ASC
2025-05-22 20:34:47.130 - INFO: DEBUG: act = null
2025-05-22 20:34:47.131 - INFO: === prosesDataUtama Parameters ===
2025-05-22 20:34:47.131 - INFO: draw: 1
2025-05-22 20:34:47.131 - INFO: start: 10
2025-05-22 20:34:47.131 - INFO: length: 2147483647
2025-05-22 20:34:47.132 - INFO: page: 1
2025-05-22 20:34:47.132 - INFO: searchValue: 
2025-05-22 20:34:47.133 - INFO: vtahun: 2025
2025-05-22 20:34:47.133 - INFO: voption: PROVINSI
2025-05-22 20:34:47.133 - INFO: vdata: TOTAL_SUMBER
2025-05-22 20:34:47.134 - INFO: all: true
2025-05-22 20:34:47.134 - INFO: orderColumnIndex: null
2025-05-22 20:34:47.134 - INFO: orderDir: asc
2025-05-22 20:34:47.135 - INFO: Final orderBy: KD_PROV, orderDir: ASC
2025-05-22 20:35:51.084 - INFO: DEBUG: act = null
2025-05-22 20:35:51.084 - INFO: === prosesDataUtama Parameters ===
2025-05-22 20:35:51.084 - INFO: draw: 1
2025-05-22 20:35:51.084 - INFO: start: 10
2025-05-22 20:35:51.085 - INFO: length: 2147483647
2025-05-22 20:35:51.085 - INFO: page: 1
2025-05-22 20:35:51.085 - INFO: searchValue: 
2025-05-22 20:35:51.086 - INFO: vtahun: 2025
2025-05-22 20:35:51.087 - INFO: voption: PROVINSI
2025-05-22 20:35:51.087 - INFO: vdata: TOTAL_SUMBER
2025-05-22 20:35:51.087 - INFO: all: true
2025-05-22 20:35:51.088 - INFO: orderColumnIndex: null
2025-05-22 20:35:51.088 - INFO: orderDir: asc
2025-05-22 20:35:51.089 - INFO: Final orderBy: KD_PROV, orderDir: ASC
2025-05-22 20:36:31.278 - INFO: DEBUG: act = handleGetsumberdata
2025-05-22 20:36:31.288 - INFO: DEBUG: act = null
2025-05-22 20:36:31.278 - INFO: DEBUG: act = handleGetJenisLaporan
2025-05-22 20:36:31.303 - INFO: === prosesDataUtama Parameters ===
2025-05-22 20:36:31.305 - INFO: draw: 1
2025-05-22 20:36:31.307 - INFO: start: 0
2025-05-22 20:36:31.309 - INFO: length: 10
2025-05-22 20:36:31.310 - INFO: page: 1
2025-05-22 20:36:31.311 - INFO: searchValue: 
2025-05-22 20:36:31.312 - INFO: vtahun: 2025
2025-05-22 20:36:31.313 - INFO: voption: PROVINSI
2025-05-22 20:36:31.314 - INFO: vdata: TOTAL_SUMBER
2025-05-22 20:36:31.314 - INFO: all: false
2025-05-22 20:36:31.315 - INFO: orderColumnIndex: 0
2025-05-22 20:36:31.316 - INFO: orderDir: asc
2025-05-22 20:36:31.316 - INFO: Final orderBy: KD_PROV, orderDir: ASC
2025-05-22 20:36:57.404 - INFO: DEBUG: act = null
2025-05-22 20:36:57.408 - INFO: === prosesDataUtama Parameters ===
2025-05-22 20:36:57.409 - INFO: draw: 2
2025-05-22 20:36:57.410 - INFO: start: 0
2025-05-22 20:36:57.410 - INFO: length: 10
2025-05-22 20:36:57.411 - INFO: page: 1
2025-05-22 20:36:57.411 - INFO: searchValue: 
2025-05-22 20:36:57.412 - INFO: vtahun: 2025
2025-05-22 20:36:57.412 - INFO: voption: UPI
2025-05-22 20:36:57.412 - INFO: vdata: TOTAL_SUMBER
2025-05-22 20:36:57.413 - INFO: all: false
2025-05-22 20:36:57.413 - INFO: orderColumnIndex: 0
2025-05-22 20:36:57.413 - INFO: orderDir: asc
2025-05-22 20:36:57.413 - INFO: Final orderBy: UNITUPI, orderDir: ASC
2025-05-22 20:37:06.489 - INFO: DEBUG: act = null
2025-05-22 20:37:06.490 - INFO: === prosesDataUtama Parameters ===
2025-05-22 20:37:06.491 - INFO: draw: 3
2025-05-22 20:37:06.491 - INFO: start: 10
2025-05-22 20:37:06.491 - INFO: length: 10
2025-05-22 20:37:06.492 - INFO: page: 2
2025-05-22 20:37:06.492 - INFO: searchValue: 
2025-05-22 20:37:06.492 - INFO: vtahun: 2025
2025-05-22 20:37:06.492 - INFO: voption: UPI
2025-05-22 20:37:06.492 - INFO: vdata: TOTAL_SUMBER
2025-05-22 20:37:06.493 - INFO: all: false
2025-05-22 20:37:06.493 - INFO: orderColumnIndex: 0
2025-05-22 20:37:06.493 - INFO: orderDir: asc
2025-05-22 20:37:06.493 - INFO: Final orderBy: UNITUPI, orderDir: ASC
