2025-05-27 17:25:13.228 - INFO: DEBUG: act = handleGetsumberdata
2025-05-27 17:25:13.232 - INFO: DEBUG: act = null
2025-05-27 17:25:13.228 - INFO: DEBUG: act = handleGetJenisLaporan
2025-05-27 17:25:13.239 - INFO: === prosesDataUtama Parameters ===
2025-05-27 17:25:13.241 - INFO: draw: 1
2025-05-27 17:25:13.242 - INFO: start: 0
2025-05-27 17:25:13.243 - INFO: length: 10
2025-05-27 17:25:13.244 - INFO: page: 1
2025-05-27 17:25:13.244 - INFO: searchValue: 
2025-05-27 17:25:13.245 - INFO: vtahun: 2025
2025-05-27 17:25:13.245 - INFO: voption: PROVINSI
2025-05-27 17:25:13.246 - INFO: vdata: TOTAL_SUMBER
2025-05-27 17:25:13.247 - INFO: all: false
2025-05-27 17:25:13.248 - INFO: orderColumnIndex: 0
2025-05-27 17:25:13.251 - INFO: orderDir: asc
2025-05-27 17:25:13.252 - INFO: Final orderBy: KD_PROV, orderDir: ASC
2025-05-27 17:31:08.347 - INFO: DEBUG: act = handleGetJenisLaporan
2025-05-27 17:31:08.354 - INFO: DEBUG: act = null
2025-05-27 17:31:08.347 - INFO: DEBUG: act = handleGetsumberdata
2025-05-27 17:31:08.362 - INFO: === prosesDataUtama Parameters ===
2025-05-27 17:31:08.362 - INFO: draw: 1
2025-05-27 17:31:08.364 - INFO: start: 0
2025-05-27 17:31:08.364 - INFO: length: 10
2025-05-27 17:31:08.365 - INFO: page: 1
2025-05-27 17:31:08.365 - INFO: searchValue: 
2025-05-27 17:31:08.366 - INFO: vtahun: 2025
2025-05-27 17:31:08.366 - INFO: voption: PROVINSI
2025-05-27 17:31:08.367 - INFO: vdata: TOTAL_SUMBER
2025-05-27 17:31:08.369 - INFO: all: false
2025-05-27 17:31:08.371 - INFO: orderColumnIndex: 0
2025-05-27 17:31:08.372 - INFO: orderDir: asc
2025-05-27 17:31:08.374 - INFO: Final orderBy: KD_PROV, orderDir: ASC
2025-05-27 17:40:35.428 - INFO: DEBUG: act = handleGetsumberdata
2025-05-27 17:40:35.431 - INFO: DEBUG: act = null
2025-05-27 17:40:35.428 - INFO: DEBUG: act = handleGetJenisLaporan
2025-05-27 17:40:35.438 - INFO: vkd_sumberdata: 
2025-05-27 17:40:35.439 - INFO: vtahun: 2025
2025-05-27 17:40:42.548 - INFO: DEBUG: act = handleGetJenisLaporan
2025-05-27 17:40:42.548 - INFO: DEBUG: act = handleGetsumberdata
2025-05-27 17:40:42.595 - INFO: DEBUG: act = null
2025-05-27 17:40:42.595 - INFO: vkd_sumberdata: 
2025-05-27 17:40:42.596 - INFO: vtahun: 2025
2025-05-27 17:45:03.112 - INFO: DEBUG: act = handleGetJenisLaporan
2025-05-27 17:45:03.123 - INFO: DEBUG: act = null
2025-05-27 17:45:03.112 - INFO: DEBUG: act = handleGetsumberdata
2025-05-27 17:45:03.144 - INFO: === prosesDataUtama Parameters ===
2025-05-27 17:45:03.146 - INFO: draw: 1
2025-05-27 17:45:03.147 - INFO: start: 0
2025-05-27 17:45:03.152 - INFO: length: 10
2025-05-27 17:45:03.154 - INFO: page: 1
2025-05-27 17:45:03.154 - INFO: searchValue: 
2025-05-27 17:45:03.156 - INFO: vtahun: 2025
2025-05-27 17:45:03.157 - INFO: voption: PROVINSI
2025-05-27 17:45:03.159 - INFO: vdata: TOTAL_SUMBER
2025-05-27 17:45:03.176 - INFO: all: false
2025-05-27 17:45:03.180 - INFO: orderColumnIndex: 0
2025-05-27 17:45:03.189 - INFO: orderDir: asc
2025-05-27 17:45:03.190 - INFO: Final orderBy: KD_PROV, orderDir: ASC
2025-05-27 17:49:07.318 - INFO: DEBUG: act = handleGetsumberdata
2025-05-27 17:49:07.325 - INFO: DEBUG: act = null
2025-05-27 17:49:07.318 - INFO: DEBUG: act = handleGetJenisLaporan
2025-05-27 17:49:07.333 - INFO: === prosesDataUtama Parameters ===
2025-05-27 17:49:07.334 - INFO: draw: 1
2025-05-27 17:49:07.334 - INFO: start: 0
2025-05-27 17:49:07.335 - INFO: length: 10
2025-05-27 17:49:07.341 - INFO: page: 1
2025-05-27 17:49:07.343 - INFO: searchValue: 
2025-05-27 17:49:07.344 - INFO: vtahun: 2025
2025-05-27 17:49:07.345 - INFO: voption: PROVINSI
2025-05-27 17:49:07.345 - INFO: vdata: TOTAL_SUMBER
2025-05-27 17:49:07.346 - INFO: all: false
2025-05-27 17:49:07.346 - INFO: orderColumnIndex: 0
2025-05-27 17:49:07.346 - INFO: orderDir: asc
2025-05-27 17:49:07.347 - INFO: Final orderBy: KD_PROV, orderDir: ASC
2025-05-27 17:49:11.206 - INFO: DEBUG: act = null
2025-05-27 17:49:11.207 - INFO: === prosesDataUtama Parameters ===
2025-05-27 17:49:11.207 - INFO: draw: 1
2025-05-27 17:49:11.207 - INFO: start: 0
2025-05-27 17:49:11.208 - INFO: length: 2147483647
2025-05-27 17:49:11.208 - INFO: page: 1
2025-05-27 17:49:11.208 - INFO: searchValue: 
2025-05-27 17:49:11.208 - INFO: vtahun: 2025
2025-05-27 17:49:11.209 - INFO: voption: PROVINSI
2025-05-27 17:49:11.209 - INFO: vdata: TOTAL_SUMBER
2025-05-27 17:49:11.209 - INFO: all: true
2025-05-27 17:49:11.209 - INFO: orderColumnIndex: null
2025-05-27 17:49:11.209 - INFO: orderDir: asc
2025-05-27 17:49:11.210 - INFO: Final orderBy: KD_PROV, orderDir: ASC
2025-05-27 17:50:37.562 - INFO: DEBUG: act = handleGetJenisLaporan
2025-05-27 17:50:37.562 - INFO: DEBUG: act = handleGetsumberdata
2025-05-27 17:50:37.585 - INFO: DEBUG: act = null
2025-05-27 17:50:37.586 - INFO: === prosesDataUtama Parameters ===
2025-05-27 17:50:37.586 - INFO: draw: 1
2025-05-27 17:50:37.587 - INFO: start: 0
2025-05-27 17:50:37.587 - INFO: length: 10
2025-05-27 17:50:37.588 - INFO: page: 1
2025-05-27 17:50:37.588 - INFO: searchValue: 
2025-05-27 17:50:37.588 - INFO: vtahun: 2025
2025-05-27 17:50:37.589 - INFO: voption: PROVINSI
2025-05-27 17:50:37.589 - INFO: vdata: TOTAL_SUMBER
2025-05-27 17:50:37.589 - INFO: all: false
2025-05-27 17:50:37.589 - INFO: orderColumnIndex: 0
2025-05-27 17:50:37.590 - INFO: orderDir: asc
2025-05-27 17:50:37.590 - INFO: Final orderBy: KD_PROV, orderDir: ASC
2025-05-27 17:51:20.819 - INFO: DEBUG: act = handleGetJenisLaporan
2025-05-27 17:51:20.821 - INFO: DEBUG: act = handleGetsumberdata
2025-05-27 17:51:20.874 - INFO: DEBUG: act = null
2025-05-27 17:51:20.875 - INFO: === prosesDataUtama Parameters ===
2025-05-27 17:51:20.875 - INFO: draw: 1
2025-05-27 17:51:20.875 - INFO: start: 0
2025-05-27 17:51:20.876 - INFO: length: 10
2025-05-27 17:51:20.876 - INFO: page: 1
2025-05-27 17:51:20.877 - INFO: searchValue: 
2025-05-27 17:51:20.877 - INFO: vtahun: 2025
2025-05-27 17:51:20.878 - INFO: voption: PROVINSI
2025-05-27 17:51:20.878 - INFO: vdata: TOTAL_SUMBER
2025-05-27 17:51:20.878 - INFO: all: false
2025-05-27 17:51:20.879 - INFO: orderColumnIndex: 0
2025-05-27 17:51:20.879 - INFO: orderDir: asc
2025-05-27 17:51:20.879 - INFO: Final orderBy: KD_PROV, orderDir: ASC
2025-05-27 17:51:33.477 - INFO: DEBUG: act = null
2025-05-27 17:51:33.478 - INFO: === prosesDataUtama Parameters ===
2025-05-27 17:51:33.478 - INFO: draw: 1
2025-05-27 17:51:33.478 - INFO: start: 0
2025-05-27 17:51:33.479 - INFO: length: 2147483647
2025-05-27 17:51:33.479 - INFO: page: 1
2025-05-27 17:51:33.479 - INFO: searchValue: 
2025-05-27 17:51:33.479 - INFO: vtahun: 2025
2025-05-27 17:51:33.480 - INFO: voption: PROVINSI
2025-05-27 17:51:33.480 - INFO: vdata: TOTAL_SUMBER
2025-05-27 17:51:33.480 - INFO: all: true
2025-05-27 17:51:33.480 - INFO: orderColumnIndex: null
2025-05-27 17:51:33.480 - INFO: orderDir: asc
2025-05-27 17:51:33.482 - INFO: Final orderBy: KD_PROV, orderDir: ASC
2025-05-27 18:11:50.048 - INFO: DEBUG: act = handleGetJenisLaporan
2025-05-27 18:11:50.050 - INFO: DEBUG: act = handleGetsumberdata
2025-05-27 18:11:50.083 - INFO: DEBUG: act = null
2025-05-27 18:11:50.084 - INFO: === prosesDataUtama Parameters ===
2025-05-27 18:11:50.085 - INFO: draw: 1
2025-05-27 18:11:50.085 - INFO: start: 0
2025-05-27 18:11:50.085 - INFO: length: 10
2025-05-27 18:11:50.086 - INFO: page: 1
2025-05-27 18:11:50.086 - INFO: searchValue: 
2025-05-27 18:11:50.086 - INFO: vtahun: 2025
2025-05-27 18:11:50.086 - INFO: voption: PROVINSI
2025-05-27 18:11:50.087 - INFO: vdata: TOTAL_SUMBER
2025-05-27 18:11:50.087 - INFO: all: false
2025-05-27 18:11:50.087 - INFO: orderColumnIndex: 0
2025-05-27 18:11:50.087 - INFO: orderDir: asc
2025-05-27 18:11:50.088 - INFO: Final orderBy: KD_PROV, orderDir: ASC
2025-05-27 18:18:54.290 - INFO: DEBUG: act = handleGetsumberdata
2025-05-27 18:18:54.290 - INFO: DEBUG: act = handleGetJenisLaporan
2025-05-27 18:18:54.321 - INFO: DEBUG: act = null
2025-05-27 18:18:54.321 - INFO: === prosesDataUtama Parameters ===
2025-05-27 18:18:54.321 - INFO: draw: 1
2025-05-27 18:18:54.322 - INFO: start: 0
2025-05-27 18:18:54.322 - INFO: length: 10
2025-05-27 18:18:54.322 - INFO: page: 1
2025-05-27 18:18:54.322 - INFO: searchValue: 
2025-05-27 18:18:54.323 - INFO: vtahun: 2025
2025-05-27 18:18:54.323 - INFO: voption: PROVINSI
2025-05-27 18:18:54.323 - INFO: vdata: TOTAL_SUMBER
2025-05-27 18:18:54.323 - INFO: all: false
2025-05-27 18:18:54.324 - INFO: orderColumnIndex: 0
2025-05-27 18:18:54.324 - INFO: orderDir: asc
2025-05-27 18:18:54.324 - INFO: Final orderBy: KD_PROV, orderDir: ASC
2025-05-27 18:19:41.555 - INFO: DEBUG: act = handleGetJenisLaporan
2025-05-27 18:19:41.557 - INFO: DEBUG: act = null
2025-05-27 18:19:41.555 - INFO: DEBUG: act = handleGetsumberdata
2025-05-27 18:19:41.562 - INFO: vkd_sumberdata: 
2025-05-27 18:19:41.562 - INFO: vtahun: 2025
2025-05-27 18:22:25.747 - INFO: DEBUG: act = handleGetJenisLaporan
2025-05-27 18:22:25.749 - INFO: DEBUG: act = null
2025-05-27 18:22:25.747 - INFO: DEBUG: act = handleGetsumberdata
2025-05-27 18:22:25.758 - INFO: vkd_sumberdata: 
2025-05-27 18:22:25.758 - INFO: vtahun: 2025
2025-05-27 18:24:05.266 - INFO: DEBUG: act = handleGetJenisLaporan
2025-05-27 18:24:05.267 - INFO: DEBUG: act = handleGetsumberdata
2025-05-27 18:24:05.284 - INFO: DEBUG: act = null
2025-05-27 18:24:05.285 - INFO: vkd_sumberdata: 
2025-05-27 18:24:05.285 - INFO: vtahun: 2025
2025-05-27 18:45:26.871 - INFO: DEBUG: act = handleGetJenisLaporan
2025-05-27 18:45:26.872 - INFO: DEBUG: act = handleGetsumberdata
2025-05-27 18:45:26.891 - INFO: DEBUG: act = null
2025-05-27 18:45:26.891 - INFO: vkd_sumberdata: 
2025-05-27 18:45:26.893 - INFO: vtahun: 2025
2025-05-27 18:47:47.093 - INFO: DEBUG: act = handleGetJenisLaporan
2025-05-27 18:47:47.095 - INFO: DEBUG: act = handleGetsumberdata
2025-05-27 18:47:47.124 - INFO: DEBUG: act = null
2025-05-27 18:47:47.125 - INFO: vkd_sumberdata: 
2025-05-27 18:47:47.125 - INFO: vtahun: 2025
2025-05-27 18:47:50.534 - INFO: DEBUG: act = handleGetJenisLaporan
2025-05-27 18:47:50.543 - INFO: DEBUG: act = handleGetsumberdata
2025-05-27 18:47:50.567 - INFO: DEBUG: act = null
2025-05-27 18:47:50.572 - INFO: vkd_sumberdata: 
2025-05-27 18:47:50.573 - INFO: vtahun: 2025
2025-05-27 18:48:10.499 - INFO: DEBUG: act = handleGetsumberdata
2025-05-27 18:48:10.499 - INFO: DEBUG: act = handleGetJenisLaporan
2025-05-27 18:48:10.528 - INFO: DEBUG: act = null
2025-05-27 18:48:10.529 - INFO: vkd_sumberdata: 
2025-05-27 18:48:10.529 - INFO: vtahun: 2025
2025-05-27 18:58:13.060 - INFO: DEBUG: act = handleGetJenisLaporan
2025-05-27 18:58:13.061 - INFO: DEBUG: act = handleGetsumberdata
2025-05-27 18:58:13.099 - INFO: DEBUG: act = null
2025-05-27 18:58:13.100 - INFO: vkd_sumberdata: 
2025-05-27 18:58:13.100 - INFO: vtahun: 2025
2025-05-27 18:58:15.944 - INFO: DEBUG: act = handleGetJenisLaporan
2025-05-27 18:58:15.944 - INFO: DEBUG: act = handleGetsumberdata
2025-05-27 18:58:15.975 - INFO: DEBUG: act = null
2025-05-27 18:58:15.975 - INFO: vkd_sumberdata: 
2025-05-27 18:58:15.976 - INFO: vtahun: 2025
2025-05-27 18:58:19.585 - INFO: DEBUG: act = handleGetJenisLaporan
2025-05-27 18:58:19.598 - INFO: DEBUG: act = handleGetsumberdata
2025-05-27 18:58:19.628 - INFO: DEBUG: act = null
2025-05-27 18:58:19.628 - INFO: vkd_sumberdata: 
2025-05-27 18:58:19.628 - INFO: vtahun: 2025
2025-05-27 18:58:51.989 - INFO: DEBUG: act = handleGetJenisLaporan
2025-05-27 18:58:51.991 - INFO: DEBUG: act = handleGetsumberdata
2025-05-27 18:58:52.010 - INFO: DEBUG: act = null
2025-05-27 18:58:52.010 - INFO: vkd_sumberdata: 
2025-05-27 18:58:52.010 - INFO: vtahun: 2025
2025-05-27 19:07:05.997 - INFO: DEBUG: act = handleGetsumberdata
2025-05-27 19:07:06.001 - INFO: DEBUG: act = null
2025-05-27 19:07:05.997 - INFO: DEBUG: act = handleGetJenisLaporan
2025-05-27 19:07:06.008 - INFO: vkd_sumberdata: 
2025-05-27 19:07:06.010 - INFO: vtahun: 2025
2025-05-27 19:10:51.451 - INFO: DEBUG: act = handleGetJenisLaporan
2025-05-27 19:10:51.452 - INFO: DEBUG: act = handleGetsumberdata
2025-05-27 19:10:51.493 - INFO: DEBUG: act = null
2025-05-27 19:10:51.494 - INFO: vkd_sumberdata: 
2025-05-27 19:10:51.495 - INFO: vtahun: 2025
2025-05-27 19:12:23.394 - INFO: DEBUG: act = handleGetJenisLaporan
2025-05-27 19:12:23.394 - INFO: DEBUG: act = handleGetsumberdata
2025-05-27 19:12:23.424 - INFO: DEBUG: act = null
2025-05-27 19:12:23.424 - INFO: vkd_sumberdata: 
2025-05-27 19:12:23.425 - INFO: vtahun: 2025
2025-05-27 19:13:41.514 - INFO: DEBUG: act = handleGetJenisLaporan
2025-05-27 19:13:41.526 - INFO: DEBUG: act = handleGetsumberdata
2025-05-27 19:13:41.545 - INFO: DEBUG: act = null
2025-05-27 19:13:41.545 - INFO: vkd_sumberdata: 
2025-05-27 19:13:41.546 - INFO: vtahun: 2025
2025-05-27 19:14:52.088 - INFO: DEBUG: act = handleGetJenisLaporan
2025-05-27 19:14:52.089 - INFO: DEBUG: act = handleGetsumberdata
2025-05-27 19:14:52.108 - INFO: DEBUG: act = null
2025-05-27 19:14:52.109 - INFO: vkd_sumberdata: 
2025-05-27 19:14:52.109 - INFO: vtahun: 2025
2025-05-27 19:14:55.925 - INFO: DEBUG: act = handleGetJenisLaporan
2025-05-27 19:14:55.927 - INFO: DEBUG: act = handleGetsumberdata
2025-05-27 19:14:55.955 - INFO: DEBUG: act = null
2025-05-27 19:14:55.956 - INFO: vkd_sumberdata: 
2025-05-27 19:14:55.956 - INFO: vtahun: 2025
2025-05-27 19:15:13.299 - INFO: DEBUG: act = handleGetJenisLaporan
2025-05-27 19:15:13.301 - INFO: DEBUG: act = handleGetsumberdata
2025-05-27 19:15:13.318 - INFO: DEBUG: act = null
2025-05-27 19:15:13.319 - INFO: vkd_sumberdata: 
2025-05-27 19:15:13.319 - INFO: vtahun: 2025
2025-05-27 19:15:16.522 - INFO: DEBUG: act = handleGetJenisLaporan
2025-05-27 19:15:16.522 - INFO: DEBUG: act = handleGetsumberdata
2025-05-27 19:15:16.555 - INFO: DEBUG: act = null
2025-05-27 19:15:16.555 - INFO: vkd_sumberdata: 
2025-05-27 19:15:16.556 - INFO: vtahun: 2025
2025-05-27 19:15:57.685 - INFO: DEBUG: act = handleGetJenisLaporan
2025-05-27 19:15:57.686 - INFO: DEBUG: act = handleGetsumberdata
2025-05-27 19:15:57.708 - INFO: DEBUG: act = null
2025-05-27 19:15:57.709 - INFO: vkd_sumberdata: 
2025-05-27 19:15:57.709 - INFO: vtahun: 2025
2025-05-27 19:16:01.256 - INFO: DEBUG: act = handleGetJenisLaporan
2025-05-27 19:16:01.264 - INFO: DEBUG: act = handleGetsumberdata
2025-05-27 19:16:01.285 - INFO: DEBUG: act = null
2025-05-27 19:16:01.285 - INFO: vkd_sumberdata: 
2025-05-27 19:16:01.285 - INFO: vtahun: 2025
2025-05-27 19:48:50.758 - INFO: DEBUG: act = handleGetJenisLaporan
2025-05-27 19:48:50.762 - INFO: DEBUG: act = handleGetsumberdata
2025-05-27 19:48:50.791 - INFO: DEBUG: act = null
2025-05-27 19:48:50.794 - INFO: vkd_sumberdata: 
2025-05-27 19:48:50.801 - INFO: vtahun: 2025
2025-05-27 19:49:18.884 - INFO: DEBUG: act = handleGetJenisLaporan
2025-05-27 19:49:18.885 - INFO: DEBUG: act = handleGetsumberdata
2025-05-27 19:49:18.908 - INFO: DEBUG: act = null
2025-05-27 19:49:18.908 - INFO: vkd_sumberdata: 
2025-05-27 19:49:18.909 - INFO: vtahun: 2025
2025-05-27 19:49:34.369 - INFO: DEBUG: act = handleGetJenisLaporan
2025-05-27 19:49:34.369 - INFO: DEBUG: act = handleGetsumberdata
2025-05-27 19:49:34.380 - INFO: DEBUG: act = null
2025-05-27 19:49:34.381 - INFO: vkd_sumberdata: 
2025-05-27 19:49:34.381 - INFO: vtahun: 2025
2025-05-27 19:49:38.872 - INFO: DEBUG: act = handleGetJenisLaporan
2025-05-27 19:49:38.872 - INFO: DEBUG: act = handleGetsumberdata
2025-05-27 19:49:38.887 - INFO: DEBUG: act = null
2025-05-27 19:49:38.887 - INFO: vkd_sumberdata: 
2025-05-27 19:49:38.887 - INFO: vtahun: 2025
2025-05-27 19:49:53.386 - INFO: DEBUG: act = handleGetJenisLaporan
2025-05-27 19:49:53.386 - INFO: DEBUG: act = handleGetsumberdata
2025-05-27 19:49:53.401 - INFO: DEBUG: act = null
2025-05-27 19:49:53.401 - INFO: vkd_sumberdata: 
2025-05-27 19:49:53.401 - INFO: vtahun: 2025
2025-05-27 19:50:02.635 - INFO: DEBUG: act = handleGetJenisLaporan
2025-05-27 19:50:02.637 - INFO: DEBUG: act = handleGetsumberdata
2025-05-27 19:50:02.651 - INFO: DEBUG: act = null
2025-05-27 19:50:02.651 - INFO: vkd_sumberdata: 
2025-05-27 19:50:02.651 - INFO: vtahun: 2025
2025-05-27 19:50:47.845 - INFO: DEBUG: act = handleGetJenisLaporan
2025-05-27 19:50:47.845 - INFO: DEBUG: act = handleGetsumberdata
2025-05-27 19:50:47.852 - INFO: DEBUG: act = null
2025-05-27 19:50:47.852 - INFO: vkd_sumberdata: 
2025-05-27 19:50:47.852 - INFO: vtahun: 2025
2025-05-27 19:51:05.764 - INFO: DEBUG: act = handleGetJenisLaporan
2025-05-27 19:51:05.766 - INFO: DEBUG: act = handleGetsumberdata
2025-05-27 19:51:05.791 - INFO: DEBUG: act = null
2025-05-27 19:51:05.791 - INFO: vkd_sumberdata: 
2025-05-27 19:51:05.792 - INFO: vtahun: 2025
2025-05-27 19:51:11.292 - INFO: DEBUG: act = handleGetJenisLaporan
2025-05-27 19:51:11.293 - INFO: DEBUG: act = handleGetsumberdata
2025-05-27 19:51:11.300 - INFO: DEBUG: act = null
2025-05-27 19:51:11.301 - INFO: vkd_sumberdata: 
2025-05-27 19:51:11.301 - INFO: vtahun: 2025
2025-05-27 19:51:46.349 - INFO: DEBUG: act = handleGetsumberdata
2025-05-27 19:51:46.351 - INFO: DEBUG: act = null
2025-05-27 19:51:46.349 - INFO: DEBUG: act = handleGetJenisLaporan
2025-05-27 19:51:46.354 - INFO: vkd_sumberdata: 
2025-05-27 19:51:46.354 - INFO: vtahun: 2025
2025-05-27 19:51:59.525 - INFO: DEBUG: act = handleGetsumberdata
2025-05-27 19:51:59.525 - INFO: DEBUG: act = handleGetJenisLaporan
2025-05-27 19:51:59.533 - INFO: DEBUG: act = null
2025-05-27 19:51:59.534 - INFO: vkd_sumberdata: 
2025-05-27 19:51:59.534 - INFO: vtahun: 2025
2025-05-27 19:52:14.307 - INFO: DEBUG: act = handleGetJenisLaporan
2025-05-27 19:52:14.308 - INFO: DEBUG: act = handleGetsumberdata
2025-05-27 19:52:14.320 - INFO: DEBUG: act = null
2025-05-27 19:52:14.320 - INFO: vkd_sumberdata: 
2025-05-27 19:52:14.321 - INFO: vtahun: 2025
2025-05-27 19:52:38.591 - INFO: DEBUG: act = handleGetJenisLaporan
2025-05-27 19:52:38.591 - INFO: DEBUG: act = handleGetsumberdata
2025-05-27 19:52:38.597 - INFO: DEBUG: act = null
2025-05-27 19:52:38.598 - INFO: vkd_sumberdata: 
2025-05-27 19:52:38.598 - INFO: vtahun: 2025
2025-05-27 19:53:02.128 - INFO: DEBUG: act = handleGetJenisLaporan
2025-05-27 19:53:02.131 - INFO: DEBUG: act = handleGetsumberdata
2025-05-27 19:53:02.175 - INFO: DEBUG: act = null
2025-05-27 19:53:02.175 - INFO: vkd_sumberdata: 
2025-05-27 19:53:02.176 - INFO: vtahun: 2025
2025-05-27 19:56:56.125 - INFO: DEBUG: act = handleGetJenisLaporan
2025-05-27 19:56:56.126 - INFO: DEBUG: act = handleGetsumberdata
2025-05-27 19:56:56.146 - INFO: DEBUG: act = null
2025-05-27 19:56:56.146 - INFO: vkd_sumberdata: 
2025-05-27 19:56:56.147 - INFO: vtahun: 2025
2025-05-27 20:07:37.054 - INFO: DEBUG: act = handleGetJenisLaporan
2025-05-27 20:07:37.056 - INFO: DEBUG: act = handleGetsumberdata
2025-05-27 20:07:37.063 - INFO: DEBUG: act = null
2025-05-27 20:07:37.064 - INFO: vkd_sumberdata: 
2025-05-27 20:07:37.064 - INFO: vtahun: 2025
2025-05-27 20:09:07.631 - INFO: DEBUG: act = handleGetJenisLaporan
2025-05-27 20:09:07.631 - INFO: DEBUG: act = handleGetsumberdata
2025-05-27 20:09:07.676 - INFO: DEBUG: act = null
2025-05-27 20:09:07.676 - INFO: vkd_sumberdata: 
2025-05-27 20:09:07.677 - INFO: vtahun: 2025
2025-05-27 20:11:25.971 - INFO: DEBUG: act = handleGetsumberdata
2025-05-27 20:11:25.971 - INFO: DEBUG: act = handleGetJenisLaporan
2025-05-27 20:11:25.989 - INFO: DEBUG: act = null
2025-05-27 20:11:25.989 - INFO: vkd_sumberdata: 
2025-05-27 20:11:25.990 - INFO: vtahun: 2025
2025-05-27 20:14:28.296 - INFO: DEBUG: act = handleGetJenisLaporan
2025-05-27 20:14:28.297 - INFO: DEBUG: act = handleGetsumberdata
2025-05-27 20:14:28.333 - INFO: DEBUG: act = null
2025-05-27 20:14:28.335 - INFO: vkd_sumberdata: 
2025-05-27 20:14:28.335 - INFO: vtahun: 2025
2025-05-27 20:15:21.950 - INFO: DEBUG: act = handleGetJenisLaporan
2025-05-27 20:15:21.957 - INFO: DEBUG: act = handleGetsumberdata
2025-05-27 20:15:21.979 - INFO: DEBUG: act = null
2025-05-27 20:15:21.979 - INFO: vkd_sumberdata: 
2025-05-27 20:15:21.979 - INFO: vtahun: 2025
2025-05-27 20:16:17.496 - INFO: DEBUG: act = null
2025-05-27 20:16:17.496 - INFO: vkd_sumberdata: SEMUA
2025-05-27 20:16:17.496 - INFO: vtahun: 2025
2025-05-27 20:16:18.954 - INFO: DEBUG: act = null
2025-05-27 20:16:18.954 - INFO: vkd_sumberdata: SEMUA
2025-05-27 20:16:18.955 - INFO: vtahun: 2025
2025-05-27 20:16:21.083 - INFO: DEBUG: act = null
2025-05-27 20:16:21.083 - INFO: vkd_sumberdata: SEMUA
2025-05-27 20:16:21.084 - INFO: vtahun: 2025
2025-05-27 20:16:30.818 - INFO: DEBUG: act = null
2025-05-27 20:16:30.818 - INFO: vkd_sumberdata: SEMUA
2025-05-27 20:16:30.819 - INFO: vtahun: 2025
2025-05-27 20:16:35.721 - INFO: DEBUG: act = null
2025-05-27 20:16:35.723 - INFO: vkd_sumberdata: SEMUA
2025-05-27 20:16:35.723 - INFO: vtahun: 2025
2025-05-27 20:16:36.921 - INFO: DEBUG: act = null
2025-05-27 20:16:36.922 - INFO: vkd_sumberdata: SEMUA
2025-05-27 20:16:36.922 - INFO: vtahun: 2025
2025-05-27 20:16:41.442 - INFO: DEBUG: act = handleGetJenisLaporan
2025-05-27 20:16:41.442 - INFO: DEBUG: act = handleGetsumberdata
2025-05-27 20:16:41.466 - INFO: DEBUG: act = null
2025-05-27 20:16:41.467 - INFO: vkd_sumberdata: 
2025-05-27 20:16:41.468 - INFO: vtahun: 2025
2025-05-27 20:16:45.395 - INFO: DEBUG: act = null
2025-05-27 20:16:45.396 - INFO: vkd_sumberdata: SEMUA
2025-05-27 20:16:45.396 - INFO: vtahun: 2025
2025-05-27 20:16:46.201 - INFO: DEBUG: act = null
2025-05-27 20:16:46.202 - INFO: vkd_sumberdata: SEMUA
2025-05-27 20:16:46.202 - INFO: vtahun: 2025
2025-05-27 20:20:59.021 - INFO: DEBUG: act = handleGetJenisLaporan
2025-05-27 20:20:59.023 - INFO: DEBUG: act = handleGetsumberdata
2025-05-27 20:20:59.071 - INFO: DEBUG: act = null
2025-05-27 20:20:59.071 - INFO: vkd_sumberdata: 
2025-05-27 20:20:59.072 - INFO: vtahun: 2025
2025-05-27 20:25:01.374 - INFO: DEBUG: act = handleGetJenisLaporan
2025-05-27 20:25:01.374 - INFO: DEBUG: act = handleGetsumberdata
2025-05-27 20:25:01.395 - INFO: DEBUG: act = null
2025-05-27 20:25:01.395 - INFO: vkd_sumberdata: 
2025-05-27 20:25:01.396 - INFO: vtahun: 2025
2025-05-27 20:28:34.052 - INFO: DEBUG: act = handleGetJenisLaporan
2025-05-27 20:28:34.060 - INFO: DEBUG: act = handleGetsumberdata
2025-05-27 20:28:34.097 - INFO: DEBUG: act = null
2025-05-27 20:28:34.098 - INFO: vkd_sumberdata: 
2025-05-27 20:28:34.098 - INFO: vtahun: 2025
2025-05-27 20:29:41.628 - INFO: DEBUG: act = handleGetsumberdata
2025-05-27 20:29:41.628 - INFO: DEBUG: act = handleGetJenisLaporan
2025-05-27 20:29:41.660 - INFO: DEBUG: act = null
2025-05-27 20:29:41.661 - INFO: vkd_sumberdata: 
2025-05-27 20:29:41.661 - INFO: vtahun: 2025
2025-05-27 20:30:12.318 - INFO: DEBUG: act = handleGetsumberdata
2025-05-27 20:30:12.318 - INFO: DEBUG: act = handleGetJenisLaporan
2025-05-27 20:30:12.340 - INFO: DEBUG: act = null
2025-05-27 20:30:12.340 - INFO: vkd_sumberdata: 
2025-05-27 20:30:12.341 - INFO: vtahun: 2025
2025-05-27 20:38:05.678 - INFO: DEBUG: act = handleGetJenisLaporan
2025-05-27 20:38:05.678 - INFO: DEBUG: act = handleGetsumberdata
2025-05-27 20:38:05.700 - INFO: DEBUG: act = null
2025-05-27 20:38:05.700 - INFO: vkd_sumberdata: 
2025-05-27 20:38:05.700 - INFO: vtahun: 2025
2025-05-27 20:38:52.674 - INFO: DEBUG: act = handleGetJenisLaporan
2025-05-27 20:38:52.674 - INFO: DEBUG: act = handleGetsumberdata
2025-05-27 20:38:52.692 - INFO: DEBUG: act = null
2025-05-27 20:38:52.693 - INFO: vkd_sumberdata: 
2025-05-27 20:38:52.693 - INFO: vtahun: 2025
2025-05-27 20:41:15.088 - INFO: DEBUG: act = handleGetJenisLaporan
2025-05-27 20:41:15.088 - INFO: DEBUG: act = handleGetsumberdata
2025-05-27 20:41:15.117 - INFO: DEBUG: act = null
2025-05-27 20:41:15.118 - INFO: vkd_sumberdata: 
2025-05-27 20:41:15.118 - INFO: vtahun: 2025
2025-05-27 20:51:40.837 - INFO: DEBUG: act = handleGetJenisLaporan
2025-05-27 20:51:40.838 - INFO: DEBUG: act = handleGetsumberdata
2025-05-27 20:51:40.864 - INFO: DEBUG: act = null
2025-05-27 20:51:40.864 - INFO: vkd_sumberdata: 
2025-05-27 20:51:40.864 - INFO: vtahun: 2025
2025-05-27 20:52:34.097 - INFO: DEBUG: act = handleGetJenisLaporan
2025-05-27 20:52:34.098 - INFO: DEBUG: act = handleGetsumberdata
2025-05-27 20:52:34.127 - INFO: DEBUG: act = null
2025-05-27 20:52:34.127 - INFO: vkd_sumberdata: 
2025-05-27 20:52:34.127 - INFO: vtahun: 2025
2025-05-27 20:53:52.033 - INFO: DEBUG: act = handleGetJenisLaporan
2025-05-27 20:53:52.045 - INFO: DEBUG: act = handleGetsumberdata
2025-05-27 20:53:52.084 - INFO: DEBUG: act = null
2025-05-27 20:53:52.085 - INFO: vkd_sumberdata: 
2025-05-27 20:53:52.085 - INFO: vtahun: 2025
2025-05-27 20:57:35.861 - INFO: DEBUG: act = handleGetJenisLaporan
2025-05-27 20:57:35.862 - INFO: DEBUG: act = handleGetsumberdata
2025-05-27 20:57:35.893 - INFO: DEBUG: act = null
2025-05-27 20:57:35.893 - INFO: vkd_sumberdata: 
2025-05-27 20:57:35.893 - INFO: vtahun: 2025
2025-05-27 20:57:44.360 - INFO: DEBUG: act = handleGetsumberdata
2025-05-27 20:57:44.360 - INFO: DEBUG: act = handleGetJenisLaporan
2025-05-27 20:57:44.385 - INFO: DEBUG: act = null
2025-05-27 20:57:44.386 - INFO: vkd_sumberdata: 
2025-05-27 20:57:44.386 - INFO: vtahun: 2025
2025-05-27 20:59:02.610 - INFO: DEBUG: act = handleGetJenisLaporan
2025-05-27 20:59:02.612 - INFO: DEBUG: act = handleGetsumberdata
2025-05-27 20:59:02.630 - INFO: DEBUG: act = null
2025-05-27 20:59:02.631 - INFO: vkd_sumberdata: 
2025-05-27 20:59:02.631 - INFO: vtahun: 2025
2025-05-27 21:00:59.262 - INFO: DEBUG: act = handleGetJenisLaporan
2025-05-27 21:00:59.263 - INFO: DEBUG: act = handleGetsumberdata
2025-05-27 21:00:59.284 - INFO: DEBUG: act = null
2025-05-27 21:00:59.284 - INFO: vkd_sumberdata: 
2025-05-27 21:00:59.285 - INFO: vtahun: 2025
2025-05-27 21:02:36.094 - INFO: DEBUG: act = handleGetJenisLaporan
2025-05-27 21:02:36.096 - INFO: DEBUG: act = handleGetsumberdata
2025-05-27 21:02:36.135 - INFO: DEBUG: act = null
2025-05-27 21:02:36.136 - INFO: vkd_sumberdata: 
2025-05-27 21:02:36.136 - INFO: vtahun: 2025
2025-05-27 21:03:17.459 - INFO: DEBUG: act = handleGetsumberdata
2025-05-27 21:03:17.459 - INFO: DEBUG: act = handleGetJenisLaporan
2025-05-27 21:03:17.490 - INFO: DEBUG: act = null
2025-05-27 21:03:17.490 - INFO: vkd_sumberdata: 
2025-05-27 21:03:17.490 - INFO: vtahun: 2025
2025-05-27 21:04:07.143 - INFO: DEBUG: act = handleGetJenisLaporan
2025-05-27 21:04:07.155 - INFO: DEBUG: act = handleGetsumberdata
2025-05-27 21:04:07.174 - INFO: DEBUG: act = null
2025-05-27 21:04:07.175 - INFO: vkd_sumberdata: 
2025-05-27 21:04:07.175 - INFO: vtahun: 2025
2025-05-27 21:05:59.551 - INFO: DEBUG: act = handleGetJenisLaporan
2025-05-27 21:05:59.553 - INFO: DEBUG: act = handleGetsumberdata
2025-05-27 21:05:59.584 - INFO: DEBUG: act = null
2025-05-27 21:05:59.584 - INFO: vkd_sumberdata: 
2025-05-27 21:05:59.584 - INFO: vtahun: 2025
2025-05-27 21:14:12.901 - INFO: DEBUG: act = handleGetJenisLaporan
2025-05-27 21:14:12.902 - INFO: DEBUG: act = handleGetsumberdata
2025-05-27 21:14:12.928 - INFO: DEBUG: act = null
2025-05-27 21:14:12.928 - INFO: vkd_sumberdata: 
2025-05-27 21:14:12.928 - INFO: vtahun: 2025
2025-05-27 21:21:27.496 - INFO: DEBUG: act = handleGetJenisLaporan
2025-05-27 21:21:27.496 - INFO: DEBUG: act = handleGetsumberdata
2025-05-27 21:21:27.523 - INFO: DEBUG: act = null
2025-05-27 21:21:27.523 - INFO: vkd_sumberdata: 
2025-05-27 21:21:27.524 - INFO: vtahun: 2025
2025-05-27 21:25:30.766 - INFO: DEBUG: act = handleGetJenisLaporan
2025-05-27 21:25:30.768 - INFO: DEBUG: act = handleGetsumberdata
2025-05-27 21:25:30.793 - INFO: DEBUG: act = null
2025-05-27 21:25:30.794 - INFO: vkd_sumberdata: 
2025-05-27 21:25:30.794 - INFO: vtahun: 2025
2025-05-27 21:37:56.202 - INFO: DEBUG: act = handleGetJenisLaporan
2025-05-27 21:37:56.202 - INFO: DEBUG: act = handleGetsumberdata
2025-05-27 21:37:56.226 - INFO: DEBUG: act = null
2025-05-27 21:37:56.226 - INFO: vkd_sumberdata: 
2025-05-27 21:37:56.226 - INFO: vtahun: 2025
2025-05-27 21:49:01.761 - INFO: DEBUG: act = handleGetJenisLaporan
2025-05-27 21:49:01.765 - INFO: DEBUG: act = null
2025-05-27 21:49:01.761 - INFO: DEBUG: act = handleGetsumberdata
2025-05-27 21:49:01.778 - INFO: vkd_sumberdata: 
2025-05-27 21:49:01.779 - INFO: vtahun: 2025
2025-05-27 21:53:02.814 - INFO: DEBUG: act = handleGetJenisLaporan
2025-05-27 21:53:02.817 - INFO: DEBUG: act = null
2025-05-27 21:53:02.814 - INFO: DEBUG: act = handleGetsumberdata
2025-05-27 21:53:02.824 - INFO: vkd_sumberdata: 
2025-05-27 21:53:02.825 - INFO: vtahun: 2025
2025-05-27 21:55:17.244 - INFO: DEBUG: act = handleGetJenisLaporan
2025-05-27 21:55:17.247 - INFO: DEBUG: act = null
2025-05-27 21:55:17.244 - INFO: DEBUG: act = handleGetsumberdata
2025-05-27 21:55:17.256 - INFO: vkd_sumberdata: 
2025-05-27 21:55:17.257 - INFO: vtahun: 2025
2025-05-27 22:00:34.568 - INFO: DEBUG: act = handleGetsumberdata
2025-05-27 22:00:34.571 - INFO: DEBUG: act = null
2025-05-27 22:00:34.568 - INFO: DEBUG: act = handleGetJenisLaporan
2025-05-27 22:00:34.578 - INFO: vkd_sumberdata: 
2025-05-27 22:00:34.579 - INFO: vtahun: 2025
2025-05-27 22:00:37.271 - INFO: DEBUG: act = handleGetJenisLaporan
2025-05-27 22:00:37.271 - INFO: DEBUG: act = handleGetsumberdata
2025-05-27 22:00:37.297 - INFO: DEBUG: act = null
2025-05-27 22:00:37.297 - INFO: vkd_sumberdata: 
2025-05-27 22:00:37.299 - INFO: vtahun: 2025
2025-05-27 22:06:52.527 - INFO: DEBUG: act = handleGetJenisLaporan
2025-05-27 22:06:52.531 - INFO: DEBUG: act = null
2025-05-27 22:06:52.527 - INFO: DEBUG: act = handleGetsumberdata
2025-05-27 22:06:52.540 - INFO: vkd_sumberdata: 
2025-05-27 22:06:52.541 - INFO: vtahun: 2025
2025-05-27 22:08:13.335 - INFO: DEBUG: act = handleGetsumberdata
2025-05-27 22:08:13.338 - INFO: DEBUG: act = null
2025-05-27 22:08:13.335 - INFO: DEBUG: act = handleGetJenisLaporan
2025-05-27 22:08:13.344 - INFO: vkd_sumberdata: 
2025-05-27 22:08:13.345 - INFO: vtahun: 2025
2025-05-27 22:13:09.993 - INFO: DEBUG: act = handleGetJenisLaporan
2025-05-27 22:13:09.997 - INFO: DEBUG: act = null
2025-05-27 22:13:09.993 - INFO: DEBUG: act = handleGetsumberdata
2025-05-27 22:13:10.006 - INFO: vkd_sumberdata: 
2025-05-27 22:13:10.006 - INFO: vtahun: 2025
2025-05-27 22:20:26.491 - INFO: DEBUG: act = handleGetJenisLaporan
2025-05-27 22:20:26.494 - INFO: DEBUG: act = null
2025-05-27 22:20:26.491 - INFO: DEBUG: act = handleGetsumberdata
2025-05-27 22:20:26.498 - INFO: vkd_sumberdata: 
2025-05-27 22:20:26.499 - INFO: vtahun: 2025
2025-05-27 22:21:28.681 - INFO: DEBUG: act = handleGetJenisLaporan
2025-05-27 22:21:28.681 - INFO: DEBUG: act = handleGetsumberdata
2025-05-27 22:21:28.708 - INFO: DEBUG: act = null
2025-05-27 22:21:28.709 - INFO: vkd_sumberdata: 
2025-05-27 22:21:28.709 - INFO: vtahun: 2025
2025-05-27 22:25:46.920 - INFO: DEBUG: act = handleGetsumberdata
2025-05-27 22:25:46.920 - INFO: DEBUG: act = handleGetJenisLaporan
2025-05-27 22:25:46.954 - INFO: DEBUG: act = null
2025-05-27 22:25:46.954 - INFO: vkd_sumberdata: 
2025-05-27 22:25:46.954 - INFO: vtahun: 2025
2025-05-27 22:33:33.925 - INFO: DEBUG: act = handleGetsumberdata
2025-05-27 22:33:33.925 - INFO: DEBUG: act = handleGetJenisLaporan
2025-05-27 22:33:33.947 - INFO: DEBUG: act = null
2025-05-27 22:33:33.948 - INFO: vkd_sumberdata: 
2025-05-27 22:33:33.948 - INFO: vtahun: 2025
2025-05-27 22:39:17.626 - INFO: DEBUG: act = null
2025-05-27 22:39:17.626 - INFO: vkd_sumberdata: SEMUA
2025-05-27 22:39:17.626 - INFO: vtahun: 2025
2025-05-27 22:41:19.566 - INFO: DEBUG: act = handleGetJenisLaporan
2025-05-27 22:41:19.567 - INFO: DEBUG: act = handleGetsumberdata
2025-05-27 22:41:19.574 - INFO: DEBUG: act = null
2025-05-27 22:41:19.575 - INFO: vkd_sumberdata: 
2025-05-27 22:41:19.576 - INFO: vtahun: 2025
2025-05-27 22:42:46.908 - INFO: DEBUG: act = handleGetJenisLaporan
2025-05-27 22:42:46.909 - INFO: DEBUG: act = handleGetsumberdata
2025-05-27 22:42:46.933 - INFO: DEBUG: act = null
2025-05-27 22:42:46.933 - INFO: vkd_sumberdata: 
2025-05-27 22:42:46.934 - INFO: vtahun: 2025
2025-05-27 22:48:42.494 - INFO: DEBUG: act = handleGetJenisLaporan
2025-05-27 22:48:42.505 - INFO: DEBUG: act = handleGetsumberdata
2025-05-27 22:48:42.538 - INFO: DEBUG: act = null
2025-05-27 22:48:42.539 - INFO: vkd_sumberdata: 
2025-05-27 22:48:42.539 - INFO: vtahun: 2025
2025-05-27 22:49:15.436 - INFO: DEBUG: act = handleGetJenisLaporan
2025-05-27 22:49:15.436 - INFO: DEBUG: act = handleGetsumberdata
2025-05-27 22:49:15.459 - INFO: DEBUG: act = null
2025-05-27 22:49:15.460 - INFO: vkd_sumberdata: 
2025-05-27 22:49:15.460 - INFO: vtahun: 2025
2025-05-27 22:50:59.885 - INFO: DEBUG: act = handleGetJenisLaporan
2025-05-27 22:50:59.888 - INFO: DEBUG: act = handleGetsumberdata
2025-05-27 22:50:59.918 - INFO: DEBUG: act = null
2025-05-27 22:50:59.922 - INFO: vkd_sumberdata: 
2025-05-27 22:50:59.923 - INFO: vtahun: 2025
2025-05-27 22:51:24.610 - INFO: DEBUG: act = handleGetJenisLaporan
2025-05-27 22:51:24.613 - INFO: DEBUG: act = handleGetsumberdata
2025-05-27 22:51:24.647 - INFO: DEBUG: act = null
2025-05-27 22:51:24.647 - INFO: vkd_sumberdata: 
2025-05-27 22:51:24.647 - INFO: vtahun: 2025
2025-05-27 23:06:31.644 - INFO: DEBUG: act = handleGetJenisLaporan
2025-05-27 23:06:31.645 - INFO: DEBUG: act = handleGetsumberdata
2025-05-27 23:06:31.678 - INFO: DEBUG: act = null
2025-05-27 23:06:31.678 - INFO: vkd_sumberdata: 
2025-05-27 23:06:31.678 - INFO: vtahun: 2025
2025-05-27 23:07:39.696 - INFO: DEBUG: act = handleGetsumberdata
2025-05-27 23:07:39.699 - INFO: DEBUG: act = null
2025-05-27 23:07:39.699 - INFO: DEBUG: act = handleGetJenisLaporan
2025-05-27 23:07:39.707 - INFO: vkd_sumberdata: 
2025-05-27 23:07:39.709 - INFO: vtahun: 2025
2025-05-27 23:08:57.801 - INFO: DEBUG: act = handleGetJenisLaporan
2025-05-27 23:08:57.803 - INFO: DEBUG: act = null
2025-05-27 23:08:57.801 - INFO: DEBUG: act = handleGetsumberdata
2025-05-27 23:08:57.813 - INFO: vkd_sumberdata: 
2025-05-27 23:08:57.814 - INFO: vtahun: 2025
2025-05-27 23:11:24.823 - INFO: DEBUG: act = handleGetJenisLaporan
2025-05-27 23:11:24.823 - INFO: DEBUG: act = handleGetsumberdata
2025-05-27 23:11:24.853 - INFO: DEBUG: act = null
2025-05-27 23:11:24.854 - INFO: vkd_sumberdata: 
2025-05-27 23:11:24.855 - INFO: vtahun: 2025
2025-05-27 23:28:10.806 - INFO: DEBUG: act = handleGetsumberdata
2025-05-27 23:28:10.806 - INFO: DEBUG: act = handleGetJenisLaporan
2025-05-27 23:28:10.830 - INFO: DEBUG: act = null
2025-05-27 23:28:10.831 - INFO: vkd_sumberdata: 
2025-05-27 23:28:10.831 - INFO: vtahun: 2025
2025-05-27 23:28:13.715 - INFO: DEBUG: act = handleGetsumberdata
2025-05-27 23:28:13.715 - INFO: DEBUG: act = handleGetJenisLaporan
2025-05-27 23:28:13.740 - INFO: DEBUG: act = null
2025-05-27 23:28:13.741 - INFO: vkd_sumberdata: 
2025-05-27 23:28:13.741 - INFO: vtahun: 2025
2025-05-27 23:28:16.914 - INFO: DEBUG: act = handleGetJenisLaporan
2025-05-27 23:28:16.914 - INFO: DEBUG: act = handleGetsumberdata
2025-05-27 23:28:16.942 - INFO: DEBUG: act = null
2025-05-27 23:28:16.943 - INFO: vkd_sumberdata: 
2025-05-27 23:28:16.943 - INFO: vtahun: 2025
2025-05-27 23:28:55.816 - INFO: DEBUG: act = handleGetsumberdata
2025-05-27 23:28:55.816 - INFO: DEBUG: act = handleGetJenisLaporan
2025-05-27 23:28:55.845 - INFO: DEBUG: act = null
2025-05-27 23:28:55.846 - INFO: vkd_sumberdata: 
2025-05-27 23:28:55.846 - INFO: vtahun: 2025
2025-05-27 23:29:44.523 - INFO: DEBUG: act = handleGetsumberdata
2025-05-27 23:29:44.525 - INFO: DEBUG: act = null
2025-05-27 23:29:44.523 - INFO: DEBUG: act = handleGetJenisLaporan
2025-05-27 23:29:44.532 - INFO: vkd_sumberdata: 
2025-05-27 23:29:44.533 - INFO: vtahun: 2025
2025-05-27 23:29:50.710 - INFO: DEBUG: act = handleGetJenisLaporan
2025-05-27 23:29:50.710 - INFO: DEBUG: act = handleGetsumberdata
2025-05-27 23:29:50.740 - INFO: DEBUG: act = null
2025-05-27 23:29:50.740 - INFO: vkd_sumberdata: 
2025-05-27 23:29:50.741 - INFO: vtahun: 2025
2025-05-27 23:30:17.813 - INFO: DEBUG: act = handleGetJenisLaporan
2025-05-27 23:30:17.813 - INFO: DEBUG: act = handleGetsumberdata
2025-05-27 23:30:17.838 - INFO: DEBUG: act = null
2025-05-27 23:30:17.838 - INFO: vkd_sumberdata: 
2025-05-27 23:30:17.838 - INFO: vtahun: 2025
2025-05-27 23:31:42.242 - INFO: DEBUG: act = handleGetsumberdata
2025-05-27 23:31:42.242 - INFO: DEBUG: act = null
2025-05-27 23:31:42.242 - INFO: DEBUG: act = handleGetJenisLaporan
2025-05-27 23:31:42.242 - INFO: vkd_sumberdata: 
2025-05-27 23:31:42.256 - INFO: vtahun: 2025
2025-05-27 23:32:03.873 - INFO: DEBUG: act = handleGetJenisLaporan
2025-05-27 23:32:03.873 - INFO: DEBUG: act = handleGetsumberdata
2025-05-27 23:32:03.902 - INFO: DEBUG: act = null
2025-05-27 23:32:03.903 - INFO: vkd_sumberdata: 
2025-05-27 23:32:03.904 - INFO: vtahun: 2025
